2023-03-24 13:25:06,419 -  nornir.core -     INFO -        run() - Running task 'netmiko_send_command' with args {'command_string': 'sh ip int brief'} on 6 hosts
2023-03-24 13:25:10,101 - nornir.core.task -    ERROR -      start() - Host 'devxe1': task 'netmiko_send_command' failed with traceback:
Traceback (most recent call last):
  File "C:\Users\sntuser\AppData\Roaming\Python\Python39\site-packages\netmiko\base_connection.py", line 1046, in establish_connection
    self.remote_conn_pre.connect(**ssh_connect_params)
  File "C:\Python39\lib\site-packages\paramiko\client.py", line 435, in connect
    self._auth(
  File "C:\Python39\lib\site-packages\paramiko\client.py", line 766, in _auth
    raise saved_exception
  File "C:\Python39\lib\site-packages\paramiko\client.py", line 753, in _auth
    self._transport.auth_password(username, password)
  File "C:\Python39\lib\site-packages\paramiko\transport.py", line 1564, in auth_password
    return self.auth_handler.wait_for_response(my_event)
  File "C:\Python39\lib\site-packages\paramiko\auth_handler.py", line 259, in wait_for_response
    raise e
paramiko.ssh_exception.AuthenticationException: Authentication failed.

During handling of the above exception, another exception occurred:

Traceback (most recent call last):
  File "C:\Python39\lib\site-packages\nornir\core\task.py", line 99, in start
    r = self.task(self, **self.params)
  File "C:\Python39\lib\site-packages\nornir_netmiko\tasks\netmiko_send_command.py", line 26, in netmiko_send_command
    net_connect = task.host.get_connection(CONNECTION_NAME, task.nornir.config)
  File "C:\Python39\lib\site-packages\nornir\core\inventory.py", line 494, in get_connection
    self.open_connection(
  File "C:\Python39\lib\site-packages\nornir\core\inventory.py", line 546, in open_connection
    conn_obj.open(
  File "C:\Python39\lib\site-packages\nornir_netmiko\connections\netmiko.py", line 59, in open
    connection = ConnectHandler(**parameters)
  File "C:\Users\sntuser\AppData\Roaming\Python\Python39\site-packages\netmiko\ssh_dispatcher.py", line 365, in ConnectHandler
    return ConnectionClass(*args, **kwargs)
  File "C:\Users\sntuser\AppData\Roaming\Python\Python39\site-packages\netmiko\base_connection.py", line 439, in __init__
    self._open()
  File "C:\Users\sntuser\AppData\Roaming\Python\Python39\site-packages\netmiko\base_connection.py", line 444, in _open
    self.establish_connection()
  File "C:\Users\sntuser\AppData\Roaming\Python\Python39\site-packages\netmiko\base_connection.py", line 1083, in establish_connection
    raise NetmikoAuthenticationException(msg)
netmiko.exceptions.NetmikoAuthenticationException: Authentication to device failed.

Common causes of this problem are:
1. Invalid username and password
2. Incorrect SSH-key file
3. Connecting to the wrong device

Device settings: cisco_ios sandbox-iosxe-recomm-1.cisco.com:22


Authentication failed.

2023-03-24 13:25:17,308 - nornir.core.task -    ERROR -      start() - Host 'j1': task 'netmiko_send_command' failed with traceback:
Traceback (most recent call last):
  File "C:\Python39\lib\site-packages\nornir\core\task.py", line 99, in start
    r = self.task(self, **self.params)
  File "C:\Python39\lib\site-packages\nornir_netmiko\tasks\netmiko_send_command.py", line 32, in netmiko_send_command
    result = net_connect.send_command(command_string, **kwargs)
  File "C:\Users\sntuser\AppData\Roaming\Python\Python39\site-packages\netmiko\utilities.py", line 592, in wrapper_decorator
    return func(self, *args, **kwargs)
  File "C:\Users\sntuser\AppData\Roaming\Python\Python39\site-packages\netmiko\base_connection.py", line 1671, in send_command
    new_data = self.command_echo_read(cmd=cmd, read_timeout=10)
  File "C:\Users\sntuser\AppData\Roaming\Python\Python39\site-packages\netmiko\base_connection.py", line 1396, in command_echo_read
    new_data = self.read_until_pattern(
  File "C:\Users\sntuser\AppData\Roaming\Python\Python39\site-packages\netmiko\base_connection.py", line 672, in read_until_pattern
    raise ReadTimeout(msg)
netmiko.exceptions.ReadTimeout: 

Pattern not detected: 'sh\\ ip\\ int\\ brief' in output.

Things you might try to fix this:
1. Adjust the regex pattern to better identify the terminating string. Note, in
many situations the pattern is automatically based on the network device's prompt.
2. Increase the read_timeout to a larger value.

You can also look at the Netmiko session_log or debug log for more information.



2023-03-24 14:51:54,600 -  nornir.core -     INFO -        run() - Running task 'napalm_cli' with args {'commands': ['sh ver', 'sh ip int brief']} on 1 hosts
2023-07-27 19:16:46,456 -  nornir.core -     INFO -        run() - Running task 'netmiko_send_command' with args {'command_string': 'sh ip int brief'} on 6 hosts
2023-07-27 19:16:56,665 - nornir.core.task -    ERROR -      start() - Host 'r4': task 'netmiko_send_command' failed with traceback:
Traceback (most recent call last):
  File "C:\Users\sntuser\AppData\Roaming\Python\Python39\site-packages\netmiko\base_connection.py", line 1046, in establish_connection
    self.remote_conn_pre.connect(**ssh_connect_params)
  File "C:\Python39\lib\site-packages\paramiko\client.py", line 349, in connect
    retry_on_signal(lambda: sock.connect(addr))
  File "C:\Python39\lib\site-packages\paramiko\util.py", line 279, in retry_on_signal
    return function()
  File "C:\Python39\lib\site-packages\paramiko\client.py", line 349, in <lambda>
    retry_on_signal(lambda: sock.connect(addr))
socket.timeout: timed out

During handling of the above exception, another exception occurred:

Traceback (most recent call last):
  File "C:\Python39\lib\site-packages\nornir\core\task.py", line 99, in start
    r = self.task(self, **self.params)
  File "C:\Python39\lib\site-packages\nornir_netmiko\tasks\netmiko_send_command.py", line 26, in netmiko_send_command
    net_connect = task.host.get_connection(CONNECTION_NAME, task.nornir.config)
  File "C:\Python39\lib\site-packages\nornir\core\inventory.py", line 494, in get_connection
    self.open_connection(
  File "C:\Python39\lib\site-packages\nornir\core\inventory.py", line 546, in open_connection
    conn_obj.open(
  File "C:\Python39\lib\site-packages\nornir_netmiko\connections\netmiko.py", line 59, in open
    connection = ConnectHandler(**parameters)
  File "C:\Users\sntuser\AppData\Roaming\Python\Python39\site-packages\netmiko\ssh_dispatcher.py", line 365, in ConnectHandler
    return ConnectionClass(*args, **kwargs)
  File "C:\Users\sntuser\AppData\Roaming\Python\Python39\site-packages\netmiko\base_connection.py", line 439, in __init__
    self._open()
  File "C:\Users\sntuser\AppData\Roaming\Python\Python39\site-packages\netmiko\base_connection.py", line 444, in _open
    self.establish_connection()
  File "C:\Users\sntuser\AppData\Roaming\Python\Python39\site-packages\netmiko\base_connection.py", line 1068, in establish_connection
    raise NetmikoTimeoutException(msg)
netmiko.exceptions.NetmikoTimeoutException: TCP connection to device failed.

Common causes of this problem are:
1. Incorrect hostname or IP address.
2. Wrong TCP port.
3. Intermediate firewall blocking access.

Device settings: cisco_ios 10.99.99.14:22



2023-07-27 19:16:56,665 - nornir.core.task -    ERROR -      start() - Host 'r3': task 'netmiko_send_command' failed with traceback:
Traceback (most recent call last):
  File "C:\Users\sntuser\AppData\Roaming\Python\Python39\site-packages\netmiko\base_connection.py", line 1046, in establish_connection
    self.remote_conn_pre.connect(**ssh_connect_params)
  File "C:\Python39\lib\site-packages\paramiko\client.py", line 349, in connect
    retry_on_signal(lambda: sock.connect(addr))
  File "C:\Python39\lib\site-packages\paramiko\util.py", line 279, in retry_on_signal
    return function()
  File "C:\Python39\lib\site-packages\paramiko\client.py", line 349, in <lambda>
    retry_on_signal(lambda: sock.connect(addr))
socket.timeout: timed out

During handling of the above exception, another exception occurred:

Traceback (most recent call last):
  File "C:\Python39\lib\site-packages\nornir\core\task.py", line 99, in start
    r = self.task(self, **self.params)
  File "C:\Python39\lib\site-packages\nornir_netmiko\tasks\netmiko_send_command.py", line 26, in netmiko_send_command
    net_connect = task.host.get_connection(CONNECTION_NAME, task.nornir.config)
  File "C:\Python39\lib\site-packages\nornir\core\inventory.py", line 494, in get_connection
    self.open_connection(
  File "C:\Python39\lib\site-packages\nornir\core\inventory.py", line 546, in open_connection
    conn_obj.open(
  File "C:\Python39\lib\site-packages\nornir_netmiko\connections\netmiko.py", line 59, in open
    connection = ConnectHandler(**parameters)
  File "C:\Users\sntuser\AppData\Roaming\Python\Python39\site-packages\netmiko\ssh_dispatcher.py", line 365, in ConnectHandler
    return ConnectionClass(*args, **kwargs)
  File "C:\Users\sntuser\AppData\Roaming\Python\Python39\site-packages\netmiko\base_connection.py", line 439, in __init__
    self._open()
  File "C:\Users\sntuser\AppData\Roaming\Python\Python39\site-packages\netmiko\base_connection.py", line 444, in _open
    self.establish_connection()
  File "C:\Users\sntuser\AppData\Roaming\Python\Python39\site-packages\netmiko\base_connection.py", line 1068, in establish_connection
    raise NetmikoTimeoutException(msg)
netmiko.exceptions.NetmikoTimeoutException: TCP connection to device failed.

Common causes of this problem are:
1. Incorrect hostname or IP address.
2. Wrong TCP port.
3. Intermediate firewall blocking access.

Device settings: cisco_ios 10.99.99.13:22



2023-07-27 19:16:58,607 - nornir.core.task -    ERROR -      start() - Host 'j1': task 'netmiko_send_command' failed with traceback:
Traceback (most recent call last):
  File "C:\Python39\lib\site-packages\nornir\core\task.py", line 99, in start
    r = self.task(self, **self.params)
  File "C:\Python39\lib\site-packages\nornir_netmiko\tasks\netmiko_send_command.py", line 32, in netmiko_send_command
    result = net_connect.send_command(command_string, **kwargs)
  File "C:\Users\sntuser\AppData\Roaming\Python\Python39\site-packages\netmiko\utilities.py", line 592, in wrapper_decorator
    return func(self, *args, **kwargs)
  File "C:\Users\sntuser\AppData\Roaming\Python\Python39\site-packages\netmiko\base_connection.py", line 1671, in send_command
    new_data = self.command_echo_read(cmd=cmd, read_timeout=10)
  File "C:\Users\sntuser\AppData\Roaming\Python\Python39\site-packages\netmiko\base_connection.py", line 1396, in command_echo_read
    new_data = self.read_until_pattern(
  File "C:\Users\sntuser\AppData\Roaming\Python\Python39\site-packages\netmiko\base_connection.py", line 672, in read_until_pattern
    raise ReadTimeout(msg)
netmiko.exceptions.ReadTimeout: 

Pattern not detected: 'sh\\ ip\\ int\\ brief' in output.

Things you might try to fix this:
1. Adjust the regex pattern to better identify the terminating string. Note, in
many situations the pattern is automatically based on the network device's prompt.
2. Increase the read_timeout to a larger value.

You can also look at the Netmiko session_log or debug log for more information.



2023-07-27 19:18:15,958 -  nornir.core -     INFO -        run() - Running task 'netmiko_send_command' with args {'command_string': 'sh ip int brief'} on 1 hosts
2023-07-27 19:18:25,981 - nornir.core.task -    ERROR -      start() - Host 'r4': task 'netmiko_send_command' failed with traceback:
Traceback (most recent call last):
  File "C:\Users\sntuser\AppData\Roaming\Python\Python39\site-packages\netmiko\base_connection.py", line 1046, in establish_connection
    self.remote_conn_pre.connect(**ssh_connect_params)
  File "C:\Python39\lib\site-packages\paramiko\client.py", line 349, in connect
    retry_on_signal(lambda: sock.connect(addr))
  File "C:\Python39\lib\site-packages\paramiko\util.py", line 279, in retry_on_signal
    return function()
  File "C:\Python39\lib\site-packages\paramiko\client.py", line 349, in <lambda>
    retry_on_signal(lambda: sock.connect(addr))
socket.timeout: timed out

During handling of the above exception, another exception occurred:

Traceback (most recent call last):
  File "C:\Python39\lib\site-packages\nornir\core\task.py", line 99, in start
    r = self.task(self, **self.params)
  File "C:\Python39\lib\site-packages\nornir_netmiko\tasks\netmiko_send_command.py", line 26, in netmiko_send_command
    net_connect = task.host.get_connection(CONNECTION_NAME, task.nornir.config)
  File "C:\Python39\lib\site-packages\nornir\core\inventory.py", line 494, in get_connection
    self.open_connection(
  File "C:\Python39\lib\site-packages\nornir\core\inventory.py", line 546, in open_connection
    conn_obj.open(
  File "C:\Python39\lib\site-packages\nornir_netmiko\connections\netmiko.py", line 59, in open
    connection = ConnectHandler(**parameters)
  File "C:\Users\sntuser\AppData\Roaming\Python\Python39\site-packages\netmiko\ssh_dispatcher.py", line 365, in ConnectHandler
    return ConnectionClass(*args, **kwargs)
  File "C:\Users\sntuser\AppData\Roaming\Python\Python39\site-packages\netmiko\base_connection.py", line 439, in __init__
    self._open()
  File "C:\Users\sntuser\AppData\Roaming\Python\Python39\site-packages\netmiko\base_connection.py", line 444, in _open
    self.establish_connection()
  File "C:\Users\sntuser\AppData\Roaming\Python\Python39\site-packages\netmiko\base_connection.py", line 1068, in establish_connection
    raise NetmikoTimeoutException(msg)
netmiko.exceptions.NetmikoTimeoutException: TCP connection to device failed.

Common causes of this problem are:
1. Incorrect hostname or IP address.
2. Wrong TCP port.
3. Intermediate firewall blocking access.

Device settings: cisco_ios 10.99.99.14:22



2023-07-27 19:19:16,831 -  nornir.core -     INFO -        run() - Running task 'netmiko_send_command' with args {'command_string': 'sh ip int brief'} on 1 hosts
2023-07-27 19:20:34,503 -  nornir.core -     INFO -        run() - Running task 'napalm_cli' with args {'commands': ['sh ver', 'sh ip int brief']} on 1 hosts
2023-07-27 19:21:16,732 -  nornir.core -     INFO -        run() - Running task 'inventory_usernames' with args {} on 6 hosts
2023-07-28 11:04:17,491 -  nornir.core -     INFO -        run() - Running task 'netmiko_send_command' with args {'command_string': 'sh ip int brief'} on 6 hosts
2023-07-28 11:04:27,725 - nornir.core.task -    ERROR -      start() - Host 'r3': task 'netmiko_send_command' failed with traceback:
Traceback (most recent call last):
  File "C:\Users\sntuser\AppData\Roaming\Python\Python39\site-packages\netmiko\base_connection.py", line 1046, in establish_connection
    self.remote_conn_pre.connect(**ssh_connect_params)
  File "C:\Python39\lib\site-packages\paramiko\client.py", line 349, in connect
    retry_on_signal(lambda: sock.connect(addr))
  File "C:\Python39\lib\site-packages\paramiko\util.py", line 279, in retry_on_signal
    return function()
  File "C:\Python39\lib\site-packages\paramiko\client.py", line 349, in <lambda>
    retry_on_signal(lambda: sock.connect(addr))
socket.timeout: timed out

During handling of the above exception, another exception occurred:

Traceback (most recent call last):
  File "C:\Python39\lib\site-packages\nornir\core\task.py", line 99, in start
    r = self.task(self, **self.params)
  File "C:\Python39\lib\site-packages\nornir_netmiko\tasks\netmiko_send_command.py", line 26, in netmiko_send_command
    net_connect = task.host.get_connection(CONNECTION_NAME, task.nornir.config)
  File "C:\Python39\lib\site-packages\nornir\core\inventory.py", line 494, in get_connection
    self.open_connection(
  File "C:\Python39\lib\site-packages\nornir\core\inventory.py", line 546, in open_connection
    conn_obj.open(
  File "C:\Python39\lib\site-packages\nornir_netmiko\connections\netmiko.py", line 59, in open
    connection = ConnectHandler(**parameters)
  File "C:\Users\sntuser\AppData\Roaming\Python\Python39\site-packages\netmiko\ssh_dispatcher.py", line 365, in ConnectHandler
    return ConnectionClass(*args, **kwargs)
  File "C:\Users\sntuser\AppData\Roaming\Python\Python39\site-packages\netmiko\base_connection.py", line 439, in __init__
    self._open()
  File "C:\Users\sntuser\AppData\Roaming\Python\Python39\site-packages\netmiko\base_connection.py", line 444, in _open
    self.establish_connection()
  File "C:\Users\sntuser\AppData\Roaming\Python\Python39\site-packages\netmiko\base_connection.py", line 1068, in establish_connection
    raise NetmikoTimeoutException(msg)
netmiko.exceptions.NetmikoTimeoutException: TCP connection to device failed.

Common causes of this problem are:
1. Incorrect hostname or IP address.
2. Wrong TCP port.
3. Intermediate firewall blocking access.

Device settings: cisco_ios 10.99.99.13:22



2023-07-28 11:04:29,516 - nornir.core.task -    ERROR -      start() - Host 'j1': task 'netmiko_send_command' failed with traceback:
Traceback (most recent call last):
  File "C:\Python39\lib\site-packages\nornir\core\task.py", line 99, in start
    r = self.task(self, **self.params)
  File "C:\Python39\lib\site-packages\nornir_netmiko\tasks\netmiko_send_command.py", line 32, in netmiko_send_command
    result = net_connect.send_command(command_string, **kwargs)
  File "C:\Users\sntuser\AppData\Roaming\Python\Python39\site-packages\netmiko\utilities.py", line 592, in wrapper_decorator
    return func(self, *args, **kwargs)
  File "C:\Users\sntuser\AppData\Roaming\Python\Python39\site-packages\netmiko\base_connection.py", line 1671, in send_command
    new_data = self.command_echo_read(cmd=cmd, read_timeout=10)
  File "C:\Users\sntuser\AppData\Roaming\Python\Python39\site-packages\netmiko\base_connection.py", line 1396, in command_echo_read
    new_data = self.read_until_pattern(
  File "C:\Users\sntuser\AppData\Roaming\Python\Python39\site-packages\netmiko\base_connection.py", line 672, in read_until_pattern
    raise ReadTimeout(msg)
netmiko.exceptions.ReadTimeout: 

Pattern not detected: 'sh\\ ip\\ int\\ brief' in output.

Things you might try to fix this:
1. Adjust the regex pattern to better identify the terminating string. Note, in
many situations the pattern is automatically based on the network device's prompt.
2. Increase the read_timeout to a larger value.

You can also look at the Netmiko session_log or debug log for more information.



2023-07-28 11:09:39,288 -  nornir.core -     INFO -        run() - Running task 'napalm_cli' with args {'commands': ['sh ver', 'sh ip int brief']} on 1 hosts
2023-07-28 11:10:39,802 -  nornir.core -     INFO -        run() - Running task 'netmiko_send_command' with args {'command_string': 'sh ip int brief'} on 1 hosts
2023-07-28 11:29:41,765 -  nornir.core -     INFO -        run() - Running task 'netmiko_send_command' with args {'command_string': 'sh ip int brief'} on 6 hosts
2023-07-28 11:29:51,881 - nornir.core.task -    ERROR -      start() - Host 'r3': task 'netmiko_send_command' failed with traceback:
Traceback (most recent call last):
  File "C:\Users\sntuser\AppData\Roaming\Python\Python39\site-packages\netmiko\base_connection.py", line 1046, in establish_connection
    self.remote_conn_pre.connect(**ssh_connect_params)
  File "C:\Python39\lib\site-packages\paramiko\client.py", line 349, in connect
    retry_on_signal(lambda: sock.connect(addr))
  File "C:\Python39\lib\site-packages\paramiko\util.py", line 279, in retry_on_signal
    return function()
  File "C:\Python39\lib\site-packages\paramiko\client.py", line 349, in <lambda>
    retry_on_signal(lambda: sock.connect(addr))
socket.timeout: timed out

During handling of the above exception, another exception occurred:

Traceback (most recent call last):
  File "C:\Python39\lib\site-packages\nornir\core\task.py", line 99, in start
    r = self.task(self, **self.params)
  File "C:\Python39\lib\site-packages\nornir_netmiko\tasks\netmiko_send_command.py", line 26, in netmiko_send_command
    net_connect = task.host.get_connection(CONNECTION_NAME, task.nornir.config)
  File "C:\Python39\lib\site-packages\nornir\core\inventory.py", line 494, in get_connection
    self.open_connection(
  File "C:\Python39\lib\site-packages\nornir\core\inventory.py", line 546, in open_connection
    conn_obj.open(
  File "C:\Python39\lib\site-packages\nornir_netmiko\connections\netmiko.py", line 59, in open
    connection = ConnectHandler(**parameters)
  File "C:\Users\sntuser\AppData\Roaming\Python\Python39\site-packages\netmiko\ssh_dispatcher.py", line 365, in ConnectHandler
    return ConnectionClass(*args, **kwargs)
  File "C:\Users\sntuser\AppData\Roaming\Python\Python39\site-packages\netmiko\base_connection.py", line 439, in __init__
    self._open()
  File "C:\Users\sntuser\AppData\Roaming\Python\Python39\site-packages\netmiko\base_connection.py", line 444, in _open
    self.establish_connection()
  File "C:\Users\sntuser\AppData\Roaming\Python\Python39\site-packages\netmiko\base_connection.py", line 1068, in establish_connection
    raise NetmikoTimeoutException(msg)
netmiko.exceptions.NetmikoTimeoutException: TCP connection to device failed.

Common causes of this problem are:
1. Incorrect hostname or IP address.
2. Wrong TCP port.
3. Intermediate firewall blocking access.

Device settings: cisco_ios 10.99.99.13:22



2023-07-28 11:29:53,738 - nornir.core.task -    ERROR -      start() - Host 'j1': task 'netmiko_send_command' failed with traceback:
Traceback (most recent call last):
  File "C:\Python39\lib\site-packages\nornir\core\task.py", line 99, in start
    r = self.task(self, **self.params)
  File "C:\Python39\lib\site-packages\nornir_netmiko\tasks\netmiko_send_command.py", line 32, in netmiko_send_command
    result = net_connect.send_command(command_string, **kwargs)
  File "C:\Users\sntuser\AppData\Roaming\Python\Python39\site-packages\netmiko\utilities.py", line 592, in wrapper_decorator
    return func(self, *args, **kwargs)
  File "C:\Users\sntuser\AppData\Roaming\Python\Python39\site-packages\netmiko\base_connection.py", line 1671, in send_command
    new_data = self.command_echo_read(cmd=cmd, read_timeout=10)
  File "C:\Users\sntuser\AppData\Roaming\Python\Python39\site-packages\netmiko\base_connection.py", line 1396, in command_echo_read
    new_data = self.read_until_pattern(
  File "C:\Users\sntuser\AppData\Roaming\Python\Python39\site-packages\netmiko\base_connection.py", line 672, in read_until_pattern
    raise ReadTimeout(msg)
netmiko.exceptions.ReadTimeout: 

Pattern not detected: 'sh\\ ip\\ int\\ brief' in output.

Things you might try to fix this:
1. Adjust the regex pattern to better identify the terminating string. Note, in
many situations the pattern is automatically based on the network device's prompt.
2. Increase the read_timeout to a larger value.

You can also look at the Netmiko session_log or debug log for more information.



2023-07-28 11:30:59,064 -  nornir.core -  WARNING -        run() - Task 'netmiko_send_command' has not been run – 0 hosts selected
2023-07-28 11:31:39,946 -  nornir.core -     INFO -        run() - Running task 'netmiko_send_command' with args {'command_string': 'show version'} on 1 hosts
2023-07-28 11:45:36,475 -  nornir.core -     INFO -        run() - Running task 'netmiko_send_config' with args {'config_commands': ['interface gi0/0', 'description Interface description set by nornir']} on 3 hosts
2023-07-28 11:45:46,502 - nornir.core.task -    ERROR -      start() - Host 'r3': task 'netmiko_send_config' failed with traceback:
Traceback (most recent call last):
  File "C:\Users\sntuser\AppData\Roaming\Python\Python39\site-packages\netmiko\base_connection.py", line 1046, in establish_connection
    self.remote_conn_pre.connect(**ssh_connect_params)
  File "C:\Python39\lib\site-packages\paramiko\client.py", line 349, in connect
    retry_on_signal(lambda: sock.connect(addr))
  File "C:\Python39\lib\site-packages\paramiko\util.py", line 279, in retry_on_signal
    return function()
  File "C:\Python39\lib\site-packages\paramiko\client.py", line 349, in <lambda>
    retry_on_signal(lambda: sock.connect(addr))
socket.timeout: timed out

During handling of the above exception, another exception occurred:

Traceback (most recent call last):
  File "C:\Python39\lib\site-packages\nornir\core\task.py", line 99, in start
    r = self.task(self, **self.params)
  File "C:\Python39\lib\site-packages\nornir_netmiko\tasks\netmiko_send_config.py", line 28, in netmiko_send_config
    net_connect = task.host.get_connection(CONNECTION_NAME, task.nornir.config)
  File "C:\Python39\lib\site-packages\nornir\core\inventory.py", line 494, in get_connection
    self.open_connection(
  File "C:\Python39\lib\site-packages\nornir\core\inventory.py", line 546, in open_connection
    conn_obj.open(
  File "C:\Python39\lib\site-packages\nornir_netmiko\connections\netmiko.py", line 59, in open
    connection = ConnectHandler(**parameters)
  File "C:\Users\sntuser\AppData\Roaming\Python\Python39\site-packages\netmiko\ssh_dispatcher.py", line 365, in ConnectHandler
    return ConnectionClass(*args, **kwargs)
  File "C:\Users\sntuser\AppData\Roaming\Python\Python39\site-packages\netmiko\base_connection.py", line 439, in __init__
    self._open()
  File "C:\Users\sntuser\AppData\Roaming\Python\Python39\site-packages\netmiko\base_connection.py", line 444, in _open
    self.establish_connection()
  File "C:\Users\sntuser\AppData\Roaming\Python\Python39\site-packages\netmiko\base_connection.py", line 1068, in establish_connection
    raise NetmikoTimeoutException(msg)
netmiko.exceptions.NetmikoTimeoutException: TCP connection to device failed.

Common causes of this problem are:
1. Incorrect hostname or IP address.
2. Wrong TCP port.
3. Intermediate firewall blocking access.

Device settings: cisco_ios 10.99.99.13:22



