2020-12-17 21:04:28,034 -  nornir.core -     INFO -        run() - Running task 'netmiko_send_command' with args {'command_string': 'sh ip int brief'} on 3 hosts
2020-12-17 21:04:33,074 - nornir.core.task -    ERROR -      start() - Host 'r2': task 'netmiko_send_command' failed with traceback:
Traceback (most recent call last):
  File "C:\Users\sntuser\AppData\Local\Programs\Python\Python39\lib\site-packages\netmiko\base_connection.py", line 920, in establish_connection
    self.remote_conn_pre.connect(**ssh_connect_params)
  File "C:\Users\sntuser\AppData\Local\Programs\Python\Python39\lib\site-packages\paramiko\client.py", line 349, in connect
    retry_on_signal(lambda: sock.connect(addr))
  File "C:\Users\sntuser\AppData\Local\Programs\Python\Python39\lib\site-packages\paramiko\util.py", line 283, in retry_on_signal
    return function()
  File "C:\Users\sntuser\AppData\Local\Programs\Python\Python39\lib\site-packages\paramiko\client.py", line 349, in <lambda>
    retry_on_signal(lambda: sock.connect(addr))
socket.timeout: timed out

During handling of the above exception, another exception occurred:

Traceback (most recent call last):
  File "C:\Users\sntuser\AppData\Local\Programs\Python\Python39\lib\site-packages\nornir\core\task.py", line 98, in start
    r = self.task(self, **self.params)
  File "C:\Users\sntuser\AppData\Local\Programs\Python\Python39\lib\site-packages\nornir_netmiko\tasks\netmiko_send_command.py", line 26, in netmiko_send_command
    net_connect = task.host.get_connection(CONNECTION_NAME, task.nornir.config)
  File "C:\Users\sntuser\AppData\Local\Programs\Python\Python39\lib\site-packages\nornir\core\inventory.py", line 440, in get_connection
    self.open_connection(
  File "C:\Users\sntuser\AppData\Local\Programs\Python\Python39\lib\site-packages\nornir\core\inventory.py", line 492, in open_connection
    conn_obj.open(
  File "C:\Users\sntuser\AppData\Local\Programs\Python\Python39\lib\site-packages\nornir_netmiko\connections\netmiko.py", line 59, in open
    connection = ConnectHandler(**parameters)
  File "C:\Users\sntuser\AppData\Local\Programs\Python\Python39\lib\site-packages\netmiko\ssh_dispatcher.py", line 312, in ConnectHandler
    return ConnectionClass(*args, **kwargs)
  File "C:\Users\sntuser\AppData\Local\Programs\Python\Python39\lib\site-packages\netmiko\cisco\cisco_ios.py", line 17, in __init__
    return super().__init__(*args, **kwargs)
  File "C:\Users\sntuser\AppData\Local\Programs\Python\Python39\lib\site-packages\netmiko\base_connection.py", line 346, in __init__
    self._open()
  File "C:\Users\sntuser\AppData\Local\Programs\Python\Python39\lib\site-packages\netmiko\base_connection.py", line 351, in _open
    self.establish_connection()
  File "C:\Users\sntuser\AppData\Local\Programs\Python\Python39\lib\site-packages\netmiko\base_connection.py", line 942, in establish_connection
    raise NetmikoTimeoutException(msg)
netmiko.ssh_exception.NetmikoTimeoutException: TCP connection to device failed.

Common causes of this problem are:
1. Incorrect hostname or IP address.
2. Wrong TCP port.
3. Intermediate firewall blocking access.

Device settings: cisco_ios 10.99.99.11:22



2020-12-17 21:04:33,074 - nornir.core.task -    ERROR -      start() - Host 'r3': task 'netmiko_send_command' failed with traceback:
Traceback (most recent call last):
  File "C:\Users\sntuser\AppData\Local\Programs\Python\Python39\lib\site-packages\netmiko\base_connection.py", line 920, in establish_connection
    self.remote_conn_pre.connect(**ssh_connect_params)
  File "C:\Users\sntuser\AppData\Local\Programs\Python\Python39\lib\site-packages\paramiko\client.py", line 349, in connect
    retry_on_signal(lambda: sock.connect(addr))
  File "C:\Users\sntuser\AppData\Local\Programs\Python\Python39\lib\site-packages\paramiko\util.py", line 283, in retry_on_signal
    return function()
  File "C:\Users\sntuser\AppData\Local\Programs\Python\Python39\lib\site-packages\paramiko\client.py", line 349, in <lambda>
    retry_on_signal(lambda: sock.connect(addr))
socket.timeout: timed out

During handling of the above exception, another exception occurred:

Traceback (most recent call last):
  File "C:\Users\sntuser\AppData\Local\Programs\Python\Python39\lib\site-packages\nornir\core\task.py", line 98, in start
    r = self.task(self, **self.params)
  File "C:\Users\sntuser\AppData\Local\Programs\Python\Python39\lib\site-packages\nornir_netmiko\tasks\netmiko_send_command.py", line 26, in netmiko_send_command
    net_connect = task.host.get_connection(CONNECTION_NAME, task.nornir.config)
  File "C:\Users\sntuser\AppData\Local\Programs\Python\Python39\lib\site-packages\nornir\core\inventory.py", line 440, in get_connection
    self.open_connection(
  File "C:\Users\sntuser\AppData\Local\Programs\Python\Python39\lib\site-packages\nornir\core\inventory.py", line 492, in open_connection
    conn_obj.open(
  File "C:\Users\sntuser\AppData\Local\Programs\Python\Python39\lib\site-packages\nornir_netmiko\connections\netmiko.py", line 59, in open
    connection = ConnectHandler(**parameters)
  File "C:\Users\sntuser\AppData\Local\Programs\Python\Python39\lib\site-packages\netmiko\ssh_dispatcher.py", line 312, in ConnectHandler
    return ConnectionClass(*args, **kwargs)
  File "C:\Users\sntuser\AppData\Local\Programs\Python\Python39\lib\site-packages\netmiko\cisco\cisco_ios.py", line 17, in __init__
    return super().__init__(*args, **kwargs)
  File "C:\Users\sntuser\AppData\Local\Programs\Python\Python39\lib\site-packages\netmiko\base_connection.py", line 346, in __init__
    self._open()
  File "C:\Users\sntuser\AppData\Local\Programs\Python\Python39\lib\site-packages\netmiko\base_connection.py", line 351, in _open
    self.establish_connection()
  File "C:\Users\sntuser\AppData\Local\Programs\Python\Python39\lib\site-packages\netmiko\base_connection.py", line 942, in establish_connection
    raise NetmikoTimeoutException(msg)
netmiko.ssh_exception.NetmikoTimeoutException: TCP connection to device failed.

Common causes of this problem are:
1. Incorrect hostname or IP address.
2. Wrong TCP port.
3. Intermediate firewall blocking access.

Device settings: cisco_ios 10.99.99.12:22



2020-12-17 21:11:03,815 -  nornir.core -     INFO -        run() - Running task 'netmiko_send_command' with args {'command_string': 'sh ip int brief'} on 3 hosts
2020-12-17 21:11:06,371 - nornir.core.task -    ERROR -      start() - Host 'r3': task 'netmiko_send_command' failed with traceback:
Traceback (most recent call last):
  File "C:\Users\sntuser\AppData\Local\Programs\Python\Python39\lib\site-packages\netmiko\base_connection.py", line 920, in establish_connection
    self.remote_conn_pre.connect(**ssh_connect_params)
  File "C:\Users\sntuser\AppData\Local\Programs\Python\Python39\lib\site-packages\paramiko\client.py", line 368, in connect
    raise NoValidConnectionsError(errors)
paramiko.ssh_exception.NoValidConnectionsError: [Errno None] Unable to connect to port 22 on 10.99.99.12

During handling of the above exception, another exception occurred:

Traceback (most recent call last):
  File "C:\Users\sntuser\AppData\Local\Programs\Python\Python39\lib\site-packages\nornir\core\task.py", line 98, in start
    r = self.task(self, **self.params)
  File "C:\Users\sntuser\AppData\Local\Programs\Python\Python39\lib\site-packages\nornir_netmiko\tasks\netmiko_send_command.py", line 26, in netmiko_send_command
    net_connect = task.host.get_connection(CONNECTION_NAME, task.nornir.config)
  File "C:\Users\sntuser\AppData\Local\Programs\Python\Python39\lib\site-packages\nornir\core\inventory.py", line 440, in get_connection
    self.open_connection(
  File "C:\Users\sntuser\AppData\Local\Programs\Python\Python39\lib\site-packages\nornir\core\inventory.py", line 492, in open_connection
    conn_obj.open(
  File "C:\Users\sntuser\AppData\Local\Programs\Python\Python39\lib\site-packages\nornir_netmiko\connections\netmiko.py", line 59, in open
    connection = ConnectHandler(**parameters)
  File "C:\Users\sntuser\AppData\Local\Programs\Python\Python39\lib\site-packages\netmiko\ssh_dispatcher.py", line 312, in ConnectHandler
    return ConnectionClass(*args, **kwargs)
  File "C:\Users\sntuser\AppData\Local\Programs\Python\Python39\lib\site-packages\netmiko\cisco\cisco_ios.py", line 17, in __init__
    return super().__init__(*args, **kwargs)
  File "C:\Users\sntuser\AppData\Local\Programs\Python\Python39\lib\site-packages\netmiko\base_connection.py", line 346, in __init__
    self._open()
  File "C:\Users\sntuser\AppData\Local\Programs\Python\Python39\lib\site-packages\netmiko\base_connection.py", line 351, in _open
    self.establish_connection()
  File "C:\Users\sntuser\AppData\Local\Programs\Python\Python39\lib\site-packages\netmiko\base_connection.py", line 942, in establish_connection
    raise NetmikoTimeoutException(msg)
netmiko.ssh_exception.NetmikoTimeoutException: TCP connection to device failed.

Common causes of this problem are:
1. Incorrect hostname or IP address.
2. Wrong TCP port.
3. Intermediate firewall blocking access.

Device settings: cisco_ios 10.99.99.12:22



2020-12-17 21:29:28,339 -  nornir.core -     INFO -        run() - Running task 'netmiko_send_command' with args {'command_string': 'sh ip int brief'} on 3 hosts
2020-12-17 21:29:31,717 - nornir.core.task -    ERROR -      start() - Host 'r3': task 'netmiko_send_command' failed with traceback:
Traceback (most recent call last):
  File "C:\Users\sntuser\AppData\Local\Programs\Python\Python39\lib\site-packages\nornir\core\task.py", line 98, in start
    r = self.task(self, **self.params)
  File "C:\Users\sntuser\AppData\Local\Programs\Python\Python39\lib\site-packages\nornir_netmiko\tasks\netmiko_send_command.py", line 26, in netmiko_send_command
    net_connect = task.host.get_connection(CONNECTION_NAME, task.nornir.config)
  File "C:\Users\sntuser\AppData\Local\Programs\Python\Python39\lib\site-packages\nornir\core\inventory.py", line 440, in get_connection
    self.open_connection(
  File "C:\Users\sntuser\AppData\Local\Programs\Python\Python39\lib\site-packages\nornir\core\inventory.py", line 492, in open_connection
    conn_obj.open(
  File "C:\Users\sntuser\AppData\Local\Programs\Python\Python39\lib\site-packages\nornir_netmiko\connections\netmiko.py", line 59, in open
    connection = ConnectHandler(**parameters)
  File "C:\Users\sntuser\AppData\Local\Programs\Python\Python39\lib\site-packages\netmiko\ssh_dispatcher.py", line 312, in ConnectHandler
    return ConnectionClass(*args, **kwargs)
  File "C:\Users\sntuser\AppData\Local\Programs\Python\Python39\lib\site-packages\netmiko\cisco\cisco_ios.py", line 17, in __init__
    return super().__init__(*args, **kwargs)
  File "C:\Users\sntuser\AppData\Local\Programs\Python\Python39\lib\site-packages\netmiko\base_connection.py", line 346, in __init__
    self._open()
  File "C:\Users\sntuser\AppData\Local\Programs\Python\Python39\lib\site-packages\netmiko\base_connection.py", line 351, in _open
    self.establish_connection()
  File "C:\Users\sntuser\AppData\Local\Programs\Python\Python39\lib\site-packages\netmiko\base_connection.py", line 920, in establish_connection
    self.remote_conn_pre.connect(**ssh_connect_params)
  File "C:\Users\sntuser\AppData\Local\Programs\Python\Python39\lib\site-packages\paramiko\client.py", line 435, in connect
    self._auth(
  File "C:\Users\sntuser\AppData\Local\Programs\Python\Python39\lib\site-packages\paramiko\client.py", line 764, in _auth
    raise saved_exception
  File "C:\Users\sntuser\AppData\Local\Programs\Python\Python39\lib\site-packages\paramiko\client.py", line 751, in _auth
    self._transport.auth_password(username, password)
  File "C:\Users\sntuser\AppData\Local\Programs\Python\Python39\lib\site-packages\paramiko\transport.py", line 1509, in auth_password
    return self.auth_handler.wait_for_response(my_event)
  File "C:\Users\sntuser\AppData\Local\Programs\Python\Python39\lib\site-packages\paramiko\auth_handler.py", line 250, in wait_for_response
    raise e
paramiko.ssh_exception.AuthenticationException: Authentication failed.

2020-12-17 21:31:29,341 -  nornir.core -     INFO -        run() - Running task 'netmiko_send_command' with args {'command_string': 'sh ip int brief'} on 3 hosts
2020-12-17 21:31:32,535 - nornir.core.task -    ERROR -      start() - Host 'r3': task 'netmiko_send_command' failed with traceback:
Traceback (most recent call last):
  File "C:\Users\sntuser\AppData\Local\Programs\Python\Python39\lib\site-packages\nornir\core\task.py", line 98, in start
    r = self.task(self, **self.params)
  File "C:\Users\sntuser\AppData\Local\Programs\Python\Python39\lib\site-packages\nornir_netmiko\tasks\netmiko_send_command.py", line 26, in netmiko_send_command
    net_connect = task.host.get_connection(CONNECTION_NAME, task.nornir.config)
  File "C:\Users\sntuser\AppData\Local\Programs\Python\Python39\lib\site-packages\nornir\core\inventory.py", line 440, in get_connection
    self.open_connection(
  File "C:\Users\sntuser\AppData\Local\Programs\Python\Python39\lib\site-packages\nornir\core\inventory.py", line 492, in open_connection
    conn_obj.open(
  File "C:\Users\sntuser\AppData\Local\Programs\Python\Python39\lib\site-packages\nornir_netmiko\connections\netmiko.py", line 59, in open
    connection = ConnectHandler(**parameters)
  File "C:\Users\sntuser\AppData\Local\Programs\Python\Python39\lib\site-packages\netmiko\ssh_dispatcher.py", line 312, in ConnectHandler
    return ConnectionClass(*args, **kwargs)
  File "C:\Users\sntuser\AppData\Local\Programs\Python\Python39\lib\site-packages\netmiko\cisco\cisco_ios.py", line 17, in __init__
    return super().__init__(*args, **kwargs)
  File "C:\Users\sntuser\AppData\Local\Programs\Python\Python39\lib\site-packages\netmiko\base_connection.py", line 346, in __init__
    self._open()
  File "C:\Users\sntuser\AppData\Local\Programs\Python\Python39\lib\site-packages\netmiko\base_connection.py", line 351, in _open
    self.establish_connection()
  File "C:\Users\sntuser\AppData\Local\Programs\Python\Python39\lib\site-packages\netmiko\base_connection.py", line 920, in establish_connection
    self.remote_conn_pre.connect(**ssh_connect_params)
  File "C:\Users\sntuser\AppData\Local\Programs\Python\Python39\lib\site-packages\paramiko\client.py", line 435, in connect
    self._auth(
  File "C:\Users\sntuser\AppData\Local\Programs\Python\Python39\lib\site-packages\paramiko\client.py", line 764, in _auth
    raise saved_exception
  File "C:\Users\sntuser\AppData\Local\Programs\Python\Python39\lib\site-packages\paramiko\client.py", line 751, in _auth
    self._transport.auth_password(username, password)
  File "C:\Users\sntuser\AppData\Local\Programs\Python\Python39\lib\site-packages\paramiko\transport.py", line 1509, in auth_password
    return self.auth_handler.wait_for_response(my_event)
  File "C:\Users\sntuser\AppData\Local\Programs\Python\Python39\lib\site-packages\paramiko\auth_handler.py", line 250, in wait_for_response
    raise e
paramiko.ssh_exception.AuthenticationException: Authentication failed.

2020-12-17 21:33:45,958 -  nornir.core -     INFO -        run() - Running task 'netmiko_send_command' with args {'command_string': 'sh ip int brief'} on 3 hosts
2020-12-17 21:37:30,397 -  nornir.core -     INFO -        run() - Running task 'netmiko_send_command' with args {'command_string': 'sh ip int brief'} on 4 hosts
2020-12-17 21:37:58,383 - nornir.core.task -    ERROR -      start() - Host 'j1': task 'netmiko_send_command' failed with traceback:
Traceback (most recent call last):
  File "C:\Users\sntuser\AppData\Local\Programs\Python\Python39\lib\site-packages\paramiko\channel.py", line 699, in recv
    out = self.in_buffer.read(nbytes, self.timeout)
  File "C:\Users\sntuser\AppData\Local\Programs\Python\Python39\lib\site-packages\paramiko\buffered_pipe.py", line 164, in read
    raise PipeTimeout()
paramiko.buffered_pipe.PipeTimeout

During handling of the above exception, another exception occurred:

Traceback (most recent call last):
  File "C:\Users\sntuser\AppData\Local\Programs\Python\Python39\lib\site-packages\netmiko\base_connection.py", line 569, in _read_channel_expect
    new_data = self.remote_conn.recv(MAX_BUFFER)
  File "C:\Users\sntuser\AppData\Local\Programs\Python\Python39\lib\site-packages\paramiko\channel.py", line 701, in recv
    raise socket.timeout()
socket.timeout

During handling of the above exception, another exception occurred:

Traceback (most recent call last):
  File "C:\Users\sntuser\AppData\Local\Programs\Python\Python39\lib\site-packages\nornir\core\task.py", line 98, in start
    r = self.task(self, **self.params)
  File "C:\Users\sntuser\AppData\Local\Programs\Python\Python39\lib\site-packages\nornir_netmiko\tasks\netmiko_send_command.py", line 32, in netmiko_send_command
    result = net_connect.send_command(command_string, **kwargs)
  File "C:\Users\sntuser\AppData\Local\Programs\Python\Python39\lib\site-packages\netmiko\utilities.py", line 429, in wrapper_decorator
    return func(self, *args, **kwargs)
  File "C:\Users\sntuser\AppData\Local\Programs\Python\Python39\lib\site-packages\netmiko\base_connection.py", line 1484, in send_command
    new_data = self.read_until_pattern(pattern=re.escape(cmd))
  File "C:\Users\sntuser\AppData\Local\Programs\Python\Python39\lib\site-packages\netmiko\base_connection.py", line 646, in read_until_pattern
    return self._read_channel_expect(*args, **kwargs)
  File "C:\Users\sntuser\AppData\Local\Programs\Python\Python39\lib\site-packages\netmiko\base_connection.py", line 579, in _read_channel_expect
    raise NetmikoTimeoutException(
netmiko.ssh_exception.NetmikoTimeoutException: Timed-out reading channel, data not available.

2020-12-17 21:39:05,433 -  nornir.core -     INFO -        run() - Running task 'netmiko_send_command' with args {'command_string': 'sh ip int brief'} on 4 hosts
2020-12-17 21:39:35,189 - nornir.core.task -    ERROR -      start() - Host 'j1': task 'netmiko_send_command' failed with traceback:
Traceback (most recent call last):
  File "C:\Users\sntuser\AppData\Local\Programs\Python\Python39\lib\site-packages\paramiko\channel.py", line 699, in recv
    out = self.in_buffer.read(nbytes, self.timeout)
  File "C:\Users\sntuser\AppData\Local\Programs\Python\Python39\lib\site-packages\paramiko\buffered_pipe.py", line 164, in read
    raise PipeTimeout()
paramiko.buffered_pipe.PipeTimeout

During handling of the above exception, another exception occurred:

Traceback (most recent call last):
  File "C:\Users\sntuser\AppData\Local\Programs\Python\Python39\lib\site-packages\netmiko\base_connection.py", line 569, in _read_channel_expect
    new_data = self.remote_conn.recv(MAX_BUFFER)
  File "C:\Users\sntuser\AppData\Local\Programs\Python\Python39\lib\site-packages\paramiko\channel.py", line 701, in recv
    raise socket.timeout()
socket.timeout

During handling of the above exception, another exception occurred:

Traceback (most recent call last):
  File "C:\Users\sntuser\AppData\Local\Programs\Python\Python39\lib\site-packages\nornir\core\task.py", line 98, in start
    r = self.task(self, **self.params)
  File "C:\Users\sntuser\AppData\Local\Programs\Python\Python39\lib\site-packages\nornir_netmiko\tasks\netmiko_send_command.py", line 32, in netmiko_send_command
    result = net_connect.send_command(command_string, **kwargs)
  File "C:\Users\sntuser\AppData\Local\Programs\Python\Python39\lib\site-packages\netmiko\utilities.py", line 429, in wrapper_decorator
    return func(self, *args, **kwargs)
  File "C:\Users\sntuser\AppData\Local\Programs\Python\Python39\lib\site-packages\netmiko\base_connection.py", line 1484, in send_command
    new_data = self.read_until_pattern(pattern=re.escape(cmd))
  File "C:\Users\sntuser\AppData\Local\Programs\Python\Python39\lib\site-packages\netmiko\base_connection.py", line 646, in read_until_pattern
    return self._read_channel_expect(*args, **kwargs)
  File "C:\Users\sntuser\AppData\Local\Programs\Python\Python39\lib\site-packages\netmiko\base_connection.py", line 579, in _read_channel_expect
    raise NetmikoTimeoutException(
netmiko.ssh_exception.NetmikoTimeoutException: Timed-out reading channel, data not available.

2020-12-17 21:43:27,018 -  nornir.core -  WARNING -        run() - Task 'netmiko_send_command' has not been run – 0 hosts selected
2020-12-17 21:45:23,579 -  nornir.core -  WARNING -        run() - Task 'netmiko_send_command' has not been run – 0 hosts selected
2020-12-17 21:50:02,447 -  nornir.core -     INFO -        run() - Running task 'netmiko_send_command' with args {'command_string': 'sh ip int brief'} on 3 hosts
2020-12-17 21:55:44,719 -  nornir.core -     INFO -        run() - Running task 'netmiko_send_command' with args {'command_string': 'sh ver'} on 3 hosts
2020-12-17 22:06:36,890 -  nornir.core -     INFO -        run() - Running task 'netmiko_send_config' with args {'config_commands': ['interface ge0/0', 'description {dconfig}']} on 3 hosts
2020-12-17 22:06:58,408 - nornir.core.task -    ERROR -      start() - Host 'r2': task 'netmiko_send_config' failed with traceback:
Traceback (most recent call last):
  File "C:\Users\sntuser\AppData\Local\Programs\Python\Python39\lib\site-packages\paramiko\channel.py", line 699, in recv
    out = self.in_buffer.read(nbytes, self.timeout)
  File "C:\Users\sntuser\AppData\Local\Programs\Python\Python39\lib\site-packages\paramiko\buffered_pipe.py", line 164, in read
    raise PipeTimeout()
paramiko.buffered_pipe.PipeTimeout

During handling of the above exception, another exception occurred:

Traceback (most recent call last):
  File "C:\Users\sntuser\AppData\Local\Programs\Python\Python39\lib\site-packages\netmiko\base_connection.py", line 569, in _read_channel_expect
    new_data = self.remote_conn.recv(MAX_BUFFER)
  File "C:\Users\sntuser\AppData\Local\Programs\Python\Python39\lib\site-packages\paramiko\channel.py", line 701, in recv
    raise socket.timeout()
socket.timeout

During handling of the above exception, another exception occurred:

Traceback (most recent call last):
  File "C:\Users\sntuser\AppData\Local\Programs\Python\Python39\lib\site-packages\netmiko\base_connection.py", line 1670, in enable
    output += self.read_until_prompt()
  File "C:\Users\sntuser\AppData\Local\Programs\Python\Python39\lib\site-packages\netmiko\base_connection.py", line 642, in read_until_prompt
    return self._read_channel_expect(*args, **kwargs)
  File "C:\Users\sntuser\AppData\Local\Programs\Python\Python39\lib\site-packages\netmiko\base_connection.py", line 579, in _read_channel_expect
    raise NetmikoTimeoutException(
netmiko.ssh_exception.NetmikoTimeoutException: Timed-out reading channel, data not available.

During handling of the above exception, another exception occurred:

Traceback (most recent call last):
  File "C:\Users\sntuser\AppData\Local\Programs\Python\Python39\lib\site-packages\nornir\core\task.py", line 98, in start
    r = self.task(self, **self.params)
  File "C:\Users\sntuser\AppData\Local\Programs\Python\Python39\lib\site-packages\nornir_netmiko\tasks\netmiko_send_config.py", line 25, in netmiko_send_config
    net_connect.enable()
  File "C:\Users\sntuser\AppData\Local\Programs\Python\Python39\lib\site-packages\netmiko\cisco_base_connection.py", line 18, in enable
    return super().enable(cmd=cmd, pattern=pattern, re_flags=re_flags)
  File "C:\Users\sntuser\AppData\Local\Programs\Python\Python39\lib\site-packages\netmiko\base_connection.py", line 1672, in enable
    raise ValueError(msg)
ValueError: Failed to enter enable mode. Please ensure you pass the 'secret' argument to ConnectHandler.

2020-12-17 22:06:58,732 - nornir.core.task -    ERROR -      start() - Host 'r1': task 'netmiko_send_config' failed with traceback:
Traceback (most recent call last):
  File "C:\Users\sntuser\AppData\Local\Programs\Python\Python39\lib\site-packages\paramiko\channel.py", line 699, in recv
    out = self.in_buffer.read(nbytes, self.timeout)
  File "C:\Users\sntuser\AppData\Local\Programs\Python\Python39\lib\site-packages\paramiko\buffered_pipe.py", line 164, in read
    raise PipeTimeout()
paramiko.buffered_pipe.PipeTimeout

During handling of the above exception, another exception occurred:

Traceback (most recent call last):
  File "C:\Users\sntuser\AppData\Local\Programs\Python\Python39\lib\site-packages\netmiko\base_connection.py", line 569, in _read_channel_expect
    new_data = self.remote_conn.recv(MAX_BUFFER)
  File "C:\Users\sntuser\AppData\Local\Programs\Python\Python39\lib\site-packages\paramiko\channel.py", line 701, in recv
    raise socket.timeout()
socket.timeout

During handling of the above exception, another exception occurred:

Traceback (most recent call last):
  File "C:\Users\sntuser\AppData\Local\Programs\Python\Python39\lib\site-packages\netmiko\base_connection.py", line 1670, in enable
    output += self.read_until_prompt()
  File "C:\Users\sntuser\AppData\Local\Programs\Python\Python39\lib\site-packages\netmiko\base_connection.py", line 642, in read_until_prompt
    return self._read_channel_expect(*args, **kwargs)
  File "C:\Users\sntuser\AppData\Local\Programs\Python\Python39\lib\site-packages\netmiko\base_connection.py", line 579, in _read_channel_expect
    raise NetmikoTimeoutException(
netmiko.ssh_exception.NetmikoTimeoutException: Timed-out reading channel, data not available.

During handling of the above exception, another exception occurred:

Traceback (most recent call last):
  File "C:\Users\sntuser\AppData\Local\Programs\Python\Python39\lib\site-packages\nornir\core\task.py", line 98, in start
    r = self.task(self, **self.params)
  File "C:\Users\sntuser\AppData\Local\Programs\Python\Python39\lib\site-packages\nornir_netmiko\tasks\netmiko_send_config.py", line 25, in netmiko_send_config
    net_connect.enable()
  File "C:\Users\sntuser\AppData\Local\Programs\Python\Python39\lib\site-packages\netmiko\cisco_base_connection.py", line 18, in enable
    return super().enable(cmd=cmd, pattern=pattern, re_flags=re_flags)
  File "C:\Users\sntuser\AppData\Local\Programs\Python\Python39\lib\site-packages\netmiko\base_connection.py", line 1672, in enable
    raise ValueError(msg)
ValueError: Failed to enter enable mode. Please ensure you pass the 'secret' argument to ConnectHandler.

2020-12-17 22:07:27,616 -  nornir.core -     INFO -        run() - Running task 'netmiko_send_config' with args {'config_commands': ['interface gi0/0', 'description {dconfig}']} on 3 hosts
2020-12-17 22:07:49,169 - nornir.core.task -    ERROR -      start() - Host 'r2': task 'netmiko_send_config' failed with traceback:
Traceback (most recent call last):
  File "C:\Users\sntuser\AppData\Local\Programs\Python\Python39\lib\site-packages\paramiko\channel.py", line 699, in recv
    out = self.in_buffer.read(nbytes, self.timeout)
  File "C:\Users\sntuser\AppData\Local\Programs\Python\Python39\lib\site-packages\paramiko\buffered_pipe.py", line 164, in read
    raise PipeTimeout()
paramiko.buffered_pipe.PipeTimeout

During handling of the above exception, another exception occurred:

Traceback (most recent call last):
  File "C:\Users\sntuser\AppData\Local\Programs\Python\Python39\lib\site-packages\netmiko\base_connection.py", line 569, in _read_channel_expect
    new_data = self.remote_conn.recv(MAX_BUFFER)
  File "C:\Users\sntuser\AppData\Local\Programs\Python\Python39\lib\site-packages\paramiko\channel.py", line 701, in recv
    raise socket.timeout()
socket.timeout

During handling of the above exception, another exception occurred:

Traceback (most recent call last):
  File "C:\Users\sntuser\AppData\Local\Programs\Python\Python39\lib\site-packages\netmiko\base_connection.py", line 1670, in enable
    output += self.read_until_prompt()
  File "C:\Users\sntuser\AppData\Local\Programs\Python\Python39\lib\site-packages\netmiko\base_connection.py", line 642, in read_until_prompt
    return self._read_channel_expect(*args, **kwargs)
  File "C:\Users\sntuser\AppData\Local\Programs\Python\Python39\lib\site-packages\netmiko\base_connection.py", line 579, in _read_channel_expect
    raise NetmikoTimeoutException(
netmiko.ssh_exception.NetmikoTimeoutException: Timed-out reading channel, data not available.

During handling of the above exception, another exception occurred:

Traceback (most recent call last):
  File "C:\Users\sntuser\AppData\Local\Programs\Python\Python39\lib\site-packages\nornir\core\task.py", line 98, in start
    r = self.task(self, **self.params)
  File "C:\Users\sntuser\AppData\Local\Programs\Python\Python39\lib\site-packages\nornir_netmiko\tasks\netmiko_send_config.py", line 25, in netmiko_send_config
    net_connect.enable()
  File "C:\Users\sntuser\AppData\Local\Programs\Python\Python39\lib\site-packages\netmiko\cisco_base_connection.py", line 18, in enable
    return super().enable(cmd=cmd, pattern=pattern, re_flags=re_flags)
  File "C:\Users\sntuser\AppData\Local\Programs\Python\Python39\lib\site-packages\netmiko\base_connection.py", line 1672, in enable
    raise ValueError(msg)
ValueError: Failed to enter enable mode. Please ensure you pass the 'secret' argument to ConnectHandler.

2020-12-17 22:07:49,184 - nornir.core.task -    ERROR -      start() - Host 'r1': task 'netmiko_send_config' failed with traceback:
Traceback (most recent call last):
  File "C:\Users\sntuser\AppData\Local\Programs\Python\Python39\lib\site-packages\paramiko\channel.py", line 699, in recv
    out = self.in_buffer.read(nbytes, self.timeout)
  File "C:\Users\sntuser\AppData\Local\Programs\Python\Python39\lib\site-packages\paramiko\buffered_pipe.py", line 164, in read
    raise PipeTimeout()
paramiko.buffered_pipe.PipeTimeout

During handling of the above exception, another exception occurred:

Traceback (most recent call last):
  File "C:\Users\sntuser\AppData\Local\Programs\Python\Python39\lib\site-packages\netmiko\base_connection.py", line 569, in _read_channel_expect
    new_data = self.remote_conn.recv(MAX_BUFFER)
  File "C:\Users\sntuser\AppData\Local\Programs\Python\Python39\lib\site-packages\paramiko\channel.py", line 701, in recv
    raise socket.timeout()
socket.timeout

During handling of the above exception, another exception occurred:

Traceback (most recent call last):
  File "C:\Users\sntuser\AppData\Local\Programs\Python\Python39\lib\site-packages\netmiko\base_connection.py", line 1670, in enable
    output += self.read_until_prompt()
  File "C:\Users\sntuser\AppData\Local\Programs\Python\Python39\lib\site-packages\netmiko\base_connection.py", line 642, in read_until_prompt
    return self._read_channel_expect(*args, **kwargs)
  File "C:\Users\sntuser\AppData\Local\Programs\Python\Python39\lib\site-packages\netmiko\base_connection.py", line 579, in _read_channel_expect
    raise NetmikoTimeoutException(
netmiko.ssh_exception.NetmikoTimeoutException: Timed-out reading channel, data not available.

During handling of the above exception, another exception occurred:

Traceback (most recent call last):
  File "C:\Users\sntuser\AppData\Local\Programs\Python\Python39\lib\site-packages\nornir\core\task.py", line 98, in start
    r = self.task(self, **self.params)
  File "C:\Users\sntuser\AppData\Local\Programs\Python\Python39\lib\site-packages\nornir_netmiko\tasks\netmiko_send_config.py", line 25, in netmiko_send_config
    net_connect.enable()
  File "C:\Users\sntuser\AppData\Local\Programs\Python\Python39\lib\site-packages\netmiko\cisco_base_connection.py", line 18, in enable
    return super().enable(cmd=cmd, pattern=pattern, re_flags=re_flags)
  File "C:\Users\sntuser\AppData\Local\Programs\Python\Python39\lib\site-packages\netmiko\base_connection.py", line 1672, in enable
    raise ValueError(msg)
ValueError: Failed to enter enable mode. Please ensure you pass the 'secret' argument to ConnectHandler.

2020-12-17 22:10:04,501 -  nornir.core -     INFO -        run() - Running task 'netmiko_send_config' with args {'config_commands': ['interface gi0/0', 'description {dconfig}']} on 3 hosts
2020-12-17 22:10:26,114 - nornir.core.task -    ERROR -      start() - Host 'r2': task 'netmiko_send_config' failed with traceback:
Traceback (most recent call last):
  File "C:\Users\sntuser\AppData\Local\Programs\Python\Python39\lib\site-packages\paramiko\channel.py", line 699, in recv
    out = self.in_buffer.read(nbytes, self.timeout)
  File "C:\Users\sntuser\AppData\Local\Programs\Python\Python39\lib\site-packages\paramiko\buffered_pipe.py", line 164, in read
    raise PipeTimeout()
paramiko.buffered_pipe.PipeTimeout

During handling of the above exception, another exception occurred:

Traceback (most recent call last):
  File "C:\Users\sntuser\AppData\Local\Programs\Python\Python39\lib\site-packages\netmiko\base_connection.py", line 569, in _read_channel_expect
    new_data = self.remote_conn.recv(MAX_BUFFER)
  File "C:\Users\sntuser\AppData\Local\Programs\Python\Python39\lib\site-packages\paramiko\channel.py", line 701, in recv
    raise socket.timeout()
socket.timeout

During handling of the above exception, another exception occurred:

Traceback (most recent call last):
  File "C:\Users\sntuser\AppData\Local\Programs\Python\Python39\lib\site-packages\netmiko\base_connection.py", line 1670, in enable
    output += self.read_until_prompt()
  File "C:\Users\sntuser\AppData\Local\Programs\Python\Python39\lib\site-packages\netmiko\base_connection.py", line 642, in read_until_prompt
    return self._read_channel_expect(*args, **kwargs)
  File "C:\Users\sntuser\AppData\Local\Programs\Python\Python39\lib\site-packages\netmiko\base_connection.py", line 579, in _read_channel_expect
    raise NetmikoTimeoutException(
netmiko.ssh_exception.NetmikoTimeoutException: Timed-out reading channel, data not available.

During handling of the above exception, another exception occurred:

Traceback (most recent call last):
  File "C:\Users\sntuser\AppData\Local\Programs\Python\Python39\lib\site-packages\nornir\core\task.py", line 98, in start
    r = self.task(self, **self.params)
  File "C:\Users\sntuser\AppData\Local\Programs\Python\Python39\lib\site-packages\nornir_netmiko\tasks\netmiko_send_config.py", line 25, in netmiko_send_config
    net_connect.enable()
  File "C:\Users\sntuser\AppData\Local\Programs\Python\Python39\lib\site-packages\netmiko\cisco_base_connection.py", line 18, in enable
    return super().enable(cmd=cmd, pattern=pattern, re_flags=re_flags)
  File "C:\Users\sntuser\AppData\Local\Programs\Python\Python39\lib\site-packages\netmiko\base_connection.py", line 1672, in enable
    raise ValueError(msg)
ValueError: Failed to enter enable mode. Please ensure you pass the 'secret' argument to ConnectHandler.

2020-12-17 22:10:26,185 - nornir.core.task -    ERROR -      start() - Host 'r1': task 'netmiko_send_config' failed with traceback:
Traceback (most recent call last):
  File "C:\Users\sntuser\AppData\Local\Programs\Python\Python39\lib\site-packages\paramiko\channel.py", line 699, in recv
    out = self.in_buffer.read(nbytes, self.timeout)
  File "C:\Users\sntuser\AppData\Local\Programs\Python\Python39\lib\site-packages\paramiko\buffered_pipe.py", line 164, in read
    raise PipeTimeout()
paramiko.buffered_pipe.PipeTimeout

During handling of the above exception, another exception occurred:

Traceback (most recent call last):
  File "C:\Users\sntuser\AppData\Local\Programs\Python\Python39\lib\site-packages\netmiko\base_connection.py", line 569, in _read_channel_expect
    new_data = self.remote_conn.recv(MAX_BUFFER)
  File "C:\Users\sntuser\AppData\Local\Programs\Python\Python39\lib\site-packages\paramiko\channel.py", line 701, in recv
    raise socket.timeout()
socket.timeout

During handling of the above exception, another exception occurred:

Traceback (most recent call last):
  File "C:\Users\sntuser\AppData\Local\Programs\Python\Python39\lib\site-packages\netmiko\base_connection.py", line 1670, in enable
    output += self.read_until_prompt()
  File "C:\Users\sntuser\AppData\Local\Programs\Python\Python39\lib\site-packages\netmiko\base_connection.py", line 642, in read_until_prompt
    return self._read_channel_expect(*args, **kwargs)
  File "C:\Users\sntuser\AppData\Local\Programs\Python\Python39\lib\site-packages\netmiko\base_connection.py", line 579, in _read_channel_expect
    raise NetmikoTimeoutException(
netmiko.ssh_exception.NetmikoTimeoutException: Timed-out reading channel, data not available.

During handling of the above exception, another exception occurred:

Traceback (most recent call last):
  File "C:\Users\sntuser\AppData\Local\Programs\Python\Python39\lib\site-packages\nornir\core\task.py", line 98, in start
    r = self.task(self, **self.params)
  File "C:\Users\sntuser\AppData\Local\Programs\Python\Python39\lib\site-packages\nornir_netmiko\tasks\netmiko_send_config.py", line 25, in netmiko_send_config
    net_connect.enable()
  File "C:\Users\sntuser\AppData\Local\Programs\Python\Python39\lib\site-packages\netmiko\cisco_base_connection.py", line 18, in enable
    return super().enable(cmd=cmd, pattern=pattern, re_flags=re_flags)
  File "C:\Users\sntuser\AppData\Local\Programs\Python\Python39\lib\site-packages\netmiko\base_connection.py", line 1672, in enable
    raise ValueError(msg)
ValueError: Failed to enter enable mode. Please ensure you pass the 'secret' argument to ConnectHandler.

2020-12-17 22:17:26,283 -  nornir.core -     INFO -        run() - Running task 'netmiko_send_config' with args {'config_commands': ['interface gi0/0', 'description {dconfig}']} on 3 hosts
2020-12-17 22:18:47,396 -  nornir.core -     INFO -        run() - Running task 'netmiko_send_config' with args {'config_commands': ['interface gi0/0', 'description {d}']} on 3 hosts
2020-12-17 22:19:19,553 -  nornir.core -     INFO -        run() - Running task 'netmiko_send_config' with args {'config_commands': ['interface gi0/0', 'description Interface description set by nornir']} on 3 hosts
2020-12-17 22:48:39,191 -  nornir.core -  WARNING -        run() - Task 'napalm_cli' has not been run – 0 hosts selected
2020-12-17 22:49:14,979 -  nornir.core -     INFO -        run() - Running task 'napalm_cli' with args {'commands': ['sh ver', 'sh ip int brief']} on 1 hosts
2020-12-17 22:50:06,135 -  nornir.core -     INFO -        run() - Running task 'napalm_cli' with args {'commands': ['sh ver', 'sh ip int brief']} on 1 hosts
2020-12-17 22:50:11,241 - nornir.core.task -    ERROR -      start() - Host 'devxe1': task 'napalm_cli' failed with traceback:
Traceback (most recent call last):
  File "C:\Users\sntuser\AppData\Local\Programs\Python\Python39\lib\site-packages\netmiko\base_connection.py", line 920, in establish_connection
    self.remote_conn_pre.connect(**ssh_connect_params)
  File "C:\Users\sntuser\AppData\Local\Programs\Python\Python39\lib\site-packages\paramiko\client.py", line 349, in connect
    retry_on_signal(lambda: sock.connect(addr))
  File "C:\Users\sntuser\AppData\Local\Programs\Python\Python39\lib\site-packages\paramiko\util.py", line 283, in retry_on_signal
    return function()
  File "C:\Users\sntuser\AppData\Local\Programs\Python\Python39\lib\site-packages\paramiko\client.py", line 349, in <lambda>
    retry_on_signal(lambda: sock.connect(addr))
socket.timeout: timed out

During handling of the above exception, another exception occurred:

Traceback (most recent call last):
  File "C:\Users\sntuser\AppData\Local\Programs\Python\Python39\lib\site-packages\napalm\base\base.py", line 86, in _netmiko_open
    self._netmiko_device = ConnectHandler(
  File "C:\Users\sntuser\AppData\Local\Programs\Python\Python39\lib\site-packages\netmiko\ssh_dispatcher.py", line 312, in ConnectHandler
    return ConnectionClass(*args, **kwargs)
  File "C:\Users\sntuser\AppData\Local\Programs\Python\Python39\lib\site-packages\netmiko\cisco\cisco_ios.py", line 17, in __init__
    return super().__init__(*args, **kwargs)
  File "C:\Users\sntuser\AppData\Local\Programs\Python\Python39\lib\site-packages\netmiko\base_connection.py", line 346, in __init__
    self._open()
  File "C:\Users\sntuser\AppData\Local\Programs\Python\Python39\lib\site-packages\netmiko\base_connection.py", line 351, in _open
    self.establish_connection()
  File "C:\Users\sntuser\AppData\Local\Programs\Python\Python39\lib\site-packages\netmiko\base_connection.py", line 942, in establish_connection
    raise NetmikoTimeoutException(msg)
netmiko.ssh_exception.NetmikoTimeoutException: TCP connection to device failed.

Common causes of this problem are:
1. Incorrect hostname or IP address.
2. Wrong TCP port.
3. Intermediate firewall blocking access.

Device settings: cisco_ios ios-xe-mgmt.cisco.com:22



During handling of the above exception, another exception occurred:

Traceback (most recent call last):
  File "C:\Users\sntuser\AppData\Local\Programs\Python\Python39\lib\site-packages\nornir\core\task.py", line 98, in start
    r = self.task(self, **self.params)
  File "C:\Users\sntuser\AppData\Local\Programs\Python\Python39\lib\site-packages\nornir_napalm\plugins\tasks\napalm_cli.py", line 19, in napalm_cli
    device = task.host.get_connection(CONNECTION_NAME, task.nornir.config)
  File "C:\Users\sntuser\AppData\Local\Programs\Python\Python39\lib\site-packages\nornir\core\inventory.py", line 440, in get_connection
    self.open_connection(
  File "C:\Users\sntuser\AppData\Local\Programs\Python\Python39\lib\site-packages\nornir\core\inventory.py", line 492, in open_connection
    conn_obj.open(
  File "C:\Users\sntuser\AppData\Local\Programs\Python\Python39\lib\site-packages\nornir_napalm\plugins\connections\__init__.py", line 57, in open
    connection.open()
  File "C:\Users\sntuser\AppData\Local\Programs\Python\Python39\lib\site-packages\napalm\ios\ios.py", line 169, in open
    self.device = self._netmiko_open(
  File "C:\Users\sntuser\AppData\Local\Programs\Python\Python39\lib\site-packages\napalm\base\base.py", line 95, in _netmiko_open
    raise ConnectionException("Cannot connect to {}".format(self.hostname))
napalm.base.exceptions.ConnectionException: Cannot connect to ios-xe-mgmt.cisco.com

2020-12-17 22:52:35,067 -  nornir.core -     INFO -        run() - Running task 'napalm_cli' with args {'commands': ['sh ver', 'sh ip int brief']} on 1 hosts
2020-12-17 23:01:26,117 -  nornir.core -     INFO -        run() - Running task 'napalm_get' with args {'getters': ['interfaces']} on 2 hosts
2020-12-17 23:01:26,241 - nornir.core.task -    ERROR -      start() - Host 'devxe2': task 'napalm_get' failed with traceback:
Traceback (most recent call last):
  File "C:\Users\sntuser\AppData\Local\Programs\Python\Python39\lib\site-packages\netmiko\base_connection.py", line 920, in establish_connection
    self.remote_conn_pre.connect(**ssh_connect_params)
  File "C:\Users\sntuser\AppData\Local\Programs\Python\Python39\lib\site-packages\paramiko\client.py", line 340, in connect
    to_try = list(self._families_and_addresses(hostname, port))
  File "C:\Users\sntuser\AppData\Local\Programs\Python\Python39\lib\site-packages\paramiko\client.py", line 203, in _families_and_addresses
    addrinfos = socket.getaddrinfo(
  File "C:\Users\sntuser\AppData\Local\Programs\Python\Python39\lib\socket.py", line 953, in getaddrinfo
    for res in _socket.getaddrinfo(host, port, family, type, proto, flags):
socket.gaierror: [Errno 11001] getaddrinfo failed

During handling of the above exception, another exception occurred:

Traceback (most recent call last):
  File "C:\Users\sntuser\AppData\Local\Programs\Python\Python39\lib\site-packages\napalm\base\base.py", line 86, in _netmiko_open
    self._netmiko_device = ConnectHandler(
  File "C:\Users\sntuser\AppData\Local\Programs\Python\Python39\lib\site-packages\netmiko\ssh_dispatcher.py", line 312, in ConnectHandler
    return ConnectionClass(*args, **kwargs)
  File "C:\Users\sntuser\AppData\Local\Programs\Python\Python39\lib\site-packages\netmiko\cisco\cisco_ios.py", line 17, in __init__
    return super().__init__(*args, **kwargs)
  File "C:\Users\sntuser\AppData\Local\Programs\Python\Python39\lib\site-packages\netmiko\base_connection.py", line 346, in __init__
    self._open()
  File "C:\Users\sntuser\AppData\Local\Programs\Python\Python39\lib\site-packages\netmiko\base_connection.py", line 351, in _open
    self.establish_connection()
  File "C:\Users\sntuser\AppData\Local\Programs\Python\Python39\lib\site-packages\netmiko\base_connection.py", line 942, in establish_connection
    raise NetmikoTimeoutException(msg)
netmiko.ssh_exception.NetmikoTimeoutException: TCP connection to device failed.

Common causes of this problem are:
1. Incorrect hostname or IP address.
2. Wrong TCP port.
3. Intermediate firewall blocking access.

Device settings: cisco_ios ios-xe-mgmt.latest.cisco.com:8181



During handling of the above exception, another exception occurred:

Traceback (most recent call last):
  File "C:\Users\sntuser\AppData\Local\Programs\Python\Python39\lib\site-packages\nornir\core\task.py", line 98, in start
    r = self.task(self, **self.params)
  File "C:\Users\sntuser\AppData\Local\Programs\Python\Python39\lib\site-packages\nornir_napalm\plugins\tasks\napalm_get.py", line 32, in napalm_get
    device = task.host.get_connection(CONNECTION_NAME, task.nornir.config)
  File "C:\Users\sntuser\AppData\Local\Programs\Python\Python39\lib\site-packages\nornir\core\inventory.py", line 440, in get_connection
    self.open_connection(
  File "C:\Users\sntuser\AppData\Local\Programs\Python\Python39\lib\site-packages\nornir\core\inventory.py", line 492, in open_connection
    conn_obj.open(
  File "C:\Users\sntuser\AppData\Local\Programs\Python\Python39\lib\site-packages\nornir_napalm\plugins\connections\__init__.py", line 57, in open
    connection.open()
  File "C:\Users\sntuser\AppData\Local\Programs\Python\Python39\lib\site-packages\napalm\ios\ios.py", line 169, in open
    self.device = self._netmiko_open(
  File "C:\Users\sntuser\AppData\Local\Programs\Python\Python39\lib\site-packages\napalm\base\base.py", line 95, in _netmiko_open
    raise ConnectionException("Cannot connect to {}".format(self.hostname))
napalm.base.exceptions.ConnectionException: Cannot connect to ios-xe-mgmt.latest.cisco.com

2022-06-16 20:04:43,322 -  nornir.core -     INFO -        run() - Running task 'netmiko_send_command' with args {'command_string': 'sh ip int brief'} on 6 hosts
2022-06-16 20:04:43,524 - nornir.core.task -    ERROR -      start() - Host 'devxe2': task 'netmiko_send_command' failed with traceback:
Traceback (most recent call last):
  File "C:\Users\sntuser\AppData\Roaming\Python\Python39\site-packages\netmiko\base_connection.py", line 935, in establish_connection
    self.remote_conn_pre.connect(**ssh_connect_params)
  File "C:\Python39\lib\site-packages\paramiko\client.py", line 340, in connect
    to_try = list(self._families_and_addresses(hostname, port))
  File "C:\Python39\lib\site-packages\paramiko\client.py", line 203, in _families_and_addresses
    addrinfos = socket.getaddrinfo(
  File "C:\Python39\lib\socket.py", line 954, in getaddrinfo
    for res in _socket.getaddrinfo(host, port, family, type, proto, flags):
socket.gaierror: [Errno 11001] getaddrinfo failed

During handling of the above exception, another exception occurred:

Traceback (most recent call last):
  File "C:\Python39\lib\site-packages\nornir\core\task.py", line 99, in start
    r = self.task(self, **self.params)
  File "C:\Python39\lib\site-packages\nornir_netmiko\tasks\netmiko_send_command.py", line 26, in netmiko_send_command
    net_connect = task.host.get_connection(CONNECTION_NAME, task.nornir.config)
  File "C:\Python39\lib\site-packages\nornir\core\inventory.py", line 494, in get_connection
    self.open_connection(
  File "C:\Python39\lib\site-packages\nornir\core\inventory.py", line 546, in open_connection
    conn_obj.open(
  File "C:\Python39\lib\site-packages\nornir_netmiko\connections\netmiko.py", line 59, in open
    connection = ConnectHandler(**parameters)
  File "C:\Users\sntuser\AppData\Roaming\Python\Python39\site-packages\netmiko\ssh_dispatcher.py", line 326, in ConnectHandler
    return ConnectionClass(*args, **kwargs)
  File "C:\Users\sntuser\AppData\Roaming\Python\Python39\site-packages\netmiko\cisco\cisco_ios.py", line 17, in __init__
    return super().__init__(*args, **kwargs)
  File "C:\Users\sntuser\AppData\Roaming\Python\Python39\site-packages\netmiko\base_connection.py", line 350, in __init__
    self._open()
  File "C:\Users\sntuser\AppData\Roaming\Python\Python39\site-packages\netmiko\base_connection.py", line 355, in _open
    self.establish_connection()
  File "C:\Users\sntuser\AppData\Roaming\Python\Python39\site-packages\netmiko\base_connection.py", line 957, in establish_connection
    raise NetmikoTimeoutException(msg)
netmiko.ssh_exception.NetmikoTimeoutException: TCP connection to device failed.

Common causes of this problem are:
1. Incorrect hostname or IP address.
2. Wrong TCP port.
3. Intermediate firewall blocking access.

Device settings: cisco_ios ios-xe-mgmt.latest.cisco.com:8181



2022-06-16 20:04:48,146 - nornir.core.task -    ERROR -      start() - Host 'r3': task 'netmiko_send_command' failed with traceback:
Traceback (most recent call last):
  File "C:\Users\sntuser\AppData\Roaming\Python\Python39\site-packages\netmiko\base_connection.py", line 935, in establish_connection
    self.remote_conn_pre.connect(**ssh_connect_params)
  File "C:\Python39\lib\site-packages\paramiko\client.py", line 435, in connect
    self._auth(
  File "C:\Python39\lib\site-packages\paramiko\client.py", line 766, in _auth
    raise saved_exception
  File "C:\Python39\lib\site-packages\paramiko\client.py", line 753, in _auth
    self._transport.auth_password(username, password)
  File "C:\Python39\lib\site-packages\paramiko\transport.py", line 1564, in auth_password
    return self.auth_handler.wait_for_response(my_event)
  File "C:\Python39\lib\site-packages\paramiko\auth_handler.py", line 259, in wait_for_response
    raise e
paramiko.ssh_exception.AuthenticationException: Authentication failed.

During handling of the above exception, another exception occurred:

Traceback (most recent call last):
  File "C:\Python39\lib\site-packages\nornir\core\task.py", line 99, in start
    r = self.task(self, **self.params)
  File "C:\Python39\lib\site-packages\nornir_netmiko\tasks\netmiko_send_command.py", line 26, in netmiko_send_command
    net_connect = task.host.get_connection(CONNECTION_NAME, task.nornir.config)
  File "C:\Python39\lib\site-packages\nornir\core\inventory.py", line 494, in get_connection
    self.open_connection(
  File "C:\Python39\lib\site-packages\nornir\core\inventory.py", line 546, in open_connection
    conn_obj.open(
  File "C:\Python39\lib\site-packages\nornir_netmiko\connections\netmiko.py", line 59, in open
    connection = ConnectHandler(**parameters)
  File "C:\Users\sntuser\AppData\Roaming\Python\Python39\site-packages\netmiko\ssh_dispatcher.py", line 326, in ConnectHandler
    return ConnectionClass(*args, **kwargs)
  File "C:\Users\sntuser\AppData\Roaming\Python\Python39\site-packages\netmiko\cisco\cisco_ios.py", line 17, in __init__
    return super().__init__(*args, **kwargs)
  File "C:\Users\sntuser\AppData\Roaming\Python\Python39\site-packages\netmiko\base_connection.py", line 350, in __init__
    self._open()
  File "C:\Users\sntuser\AppData\Roaming\Python\Python39\site-packages\netmiko\base_connection.py", line 355, in _open
    self.establish_connection()
  File "C:\Users\sntuser\AppData\Roaming\Python\Python39\site-packages\netmiko\base_connection.py", line 972, in establish_connection
    raise NetmikoAuthenticationException(msg)
netmiko.ssh_exception.NetmikoAuthenticationException: Authentication to device failed.

Common causes of this problem are:
1. Invalid username and password
2. Incorrect SSH-key file
3. Connecting to the wrong device

Device settings: cisco_ios 10.99.99.12:22


Authentication failed.

2022-06-16 20:04:48,324 - nornir.core.task -    ERROR -      start() - Host 'r2': task 'netmiko_send_command' failed with traceback:
Traceback (most recent call last):
  File "C:\Users\sntuser\AppData\Roaming\Python\Python39\site-packages\netmiko\base_connection.py", line 935, in establish_connection
    self.remote_conn_pre.connect(**ssh_connect_params)
  File "C:\Python39\lib\site-packages\paramiko\client.py", line 435, in connect
    self._auth(
  File "C:\Python39\lib\site-packages\paramiko\client.py", line 766, in _auth
    raise saved_exception
  File "C:\Python39\lib\site-packages\paramiko\client.py", line 753, in _auth
    self._transport.auth_password(username, password)
  File "C:\Python39\lib\site-packages\paramiko\transport.py", line 1564, in auth_password
    return self.auth_handler.wait_for_response(my_event)
  File "C:\Python39\lib\site-packages\paramiko\auth_handler.py", line 259, in wait_for_response
    raise e
paramiko.ssh_exception.AuthenticationException: Authentication failed.

During handling of the above exception, another exception occurred:

Traceback (most recent call last):
  File "C:\Python39\lib\site-packages\nornir\core\task.py", line 99, in start
    r = self.task(self, **self.params)
  File "C:\Python39\lib\site-packages\nornir_netmiko\tasks\netmiko_send_command.py", line 26, in netmiko_send_command
    net_connect = task.host.get_connection(CONNECTION_NAME, task.nornir.config)
  File "C:\Python39\lib\site-packages\nornir\core\inventory.py", line 494, in get_connection
    self.open_connection(
  File "C:\Python39\lib\site-packages\nornir\core\inventory.py", line 546, in open_connection
    conn_obj.open(
  File "C:\Python39\lib\site-packages\nornir_netmiko\connections\netmiko.py", line 59, in open
    connection = ConnectHandler(**parameters)
  File "C:\Users\sntuser\AppData\Roaming\Python\Python39\site-packages\netmiko\ssh_dispatcher.py", line 326, in ConnectHandler
    return ConnectionClass(*args, **kwargs)
  File "C:\Users\sntuser\AppData\Roaming\Python\Python39\site-packages\netmiko\cisco\cisco_ios.py", line 17, in __init__
    return super().__init__(*args, **kwargs)
  File "C:\Users\sntuser\AppData\Roaming\Python\Python39\site-packages\netmiko\base_connection.py", line 350, in __init__
    self._open()
  File "C:\Users\sntuser\AppData\Roaming\Python\Python39\site-packages\netmiko\base_connection.py", line 355, in _open
    self.establish_connection()
  File "C:\Users\sntuser\AppData\Roaming\Python\Python39\site-packages\netmiko\base_connection.py", line 972, in establish_connection
    raise NetmikoAuthenticationException(msg)
netmiko.ssh_exception.NetmikoAuthenticationException: Authentication to device failed.

Common causes of this problem are:
1. Invalid username and password
2. Incorrect SSH-key file
3. Connecting to the wrong device

Device settings: cisco_ios 10.99.99.11:22


Authentication failed.

2022-06-16 20:04:48,373 - nornir.core.task -    ERROR -      start() - Host 'r1': task 'netmiko_send_command' failed with traceback:
Traceback (most recent call last):
  File "C:\Users\sntuser\AppData\Roaming\Python\Python39\site-packages\netmiko\base_connection.py", line 935, in establish_connection
    self.remote_conn_pre.connect(**ssh_connect_params)
  File "C:\Python39\lib\site-packages\paramiko\client.py", line 349, in connect
    retry_on_signal(lambda: sock.connect(addr))
  File "C:\Python39\lib\site-packages\paramiko\util.py", line 279, in retry_on_signal
    return function()
  File "C:\Python39\lib\site-packages\paramiko\client.py", line 349, in <lambda>
    retry_on_signal(lambda: sock.connect(addr))
socket.timeout: timed out

During handling of the above exception, another exception occurred:

Traceback (most recent call last):
  File "C:\Python39\lib\site-packages\nornir\core\task.py", line 99, in start
    r = self.task(self, **self.params)
  File "C:\Python39\lib\site-packages\nornir_netmiko\tasks\netmiko_send_command.py", line 26, in netmiko_send_command
    net_connect = task.host.get_connection(CONNECTION_NAME, task.nornir.config)
  File "C:\Python39\lib\site-packages\nornir\core\inventory.py", line 494, in get_connection
    self.open_connection(
  File "C:\Python39\lib\site-packages\nornir\core\inventory.py", line 546, in open_connection
    conn_obj.open(
  File "C:\Python39\lib\site-packages\nornir_netmiko\connections\netmiko.py", line 59, in open
    connection = ConnectHandler(**parameters)
  File "C:\Users\sntuser\AppData\Roaming\Python\Python39\site-packages\netmiko\ssh_dispatcher.py", line 326, in ConnectHandler
    return ConnectionClass(*args, **kwargs)
  File "C:\Users\sntuser\AppData\Roaming\Python\Python39\site-packages\netmiko\cisco\cisco_ios.py", line 17, in __init__
    return super().__init__(*args, **kwargs)
  File "C:\Users\sntuser\AppData\Roaming\Python\Python39\site-packages\netmiko\base_connection.py", line 350, in __init__
    self._open()
  File "C:\Users\sntuser\AppData\Roaming\Python\Python39\site-packages\netmiko\base_connection.py", line 355, in _open
    self.establish_connection()
  File "C:\Users\sntuser\AppData\Roaming\Python\Python39\site-packages\netmiko\base_connection.py", line 957, in establish_connection
    raise NetmikoTimeoutException(msg)
netmiko.ssh_exception.NetmikoTimeoutException: TCP connection to device failed.

Common causes of this problem are:
1. Incorrect hostname or IP address.
2. Wrong TCP port.
3. Intermediate firewall blocking access.

Device settings: cisco_ios 10.99.99.10:22



2022-06-16 20:04:48,373 - nornir.core.task -    ERROR -      start() - Host 'j1': task 'netmiko_send_command' failed with traceback:
Traceback (most recent call last):
  File "C:\Users\sntuser\AppData\Roaming\Python\Python39\site-packages\netmiko\base_connection.py", line 935, in establish_connection
    self.remote_conn_pre.connect(**ssh_connect_params)
  File "C:\Python39\lib\site-packages\paramiko\client.py", line 349, in connect
    retry_on_signal(lambda: sock.connect(addr))
  File "C:\Python39\lib\site-packages\paramiko\util.py", line 279, in retry_on_signal
    return function()
  File "C:\Python39\lib\site-packages\paramiko\client.py", line 349, in <lambda>
    retry_on_signal(lambda: sock.connect(addr))
socket.timeout: timed out

During handling of the above exception, another exception occurred:

Traceback (most recent call last):
  File "C:\Python39\lib\site-packages\nornir\core\task.py", line 99, in start
    r = self.task(self, **self.params)
  File "C:\Python39\lib\site-packages\nornir_netmiko\tasks\netmiko_send_command.py", line 26, in netmiko_send_command
    net_connect = task.host.get_connection(CONNECTION_NAME, task.nornir.config)
  File "C:\Python39\lib\site-packages\nornir\core\inventory.py", line 494, in get_connection
    self.open_connection(
  File "C:\Python39\lib\site-packages\nornir\core\inventory.py", line 546, in open_connection
    conn_obj.open(
  File "C:\Python39\lib\site-packages\nornir_netmiko\connections\netmiko.py", line 59, in open
    connection = ConnectHandler(**parameters)
  File "C:\Users\sntuser\AppData\Roaming\Python\Python39\site-packages\netmiko\ssh_dispatcher.py", line 326, in ConnectHandler
    return ConnectionClass(*args, **kwargs)
  File "C:\Users\sntuser\AppData\Roaming\Python\Python39\site-packages\netmiko\juniper\juniper.py", line 20, in __init__
    return super().__init__(*args, **kwargs)
  File "C:\Users\sntuser\AppData\Roaming\Python\Python39\site-packages\netmiko\base_connection.py", line 350, in __init__
    self._open()
  File "C:\Users\sntuser\AppData\Roaming\Python\Python39\site-packages\netmiko\base_connection.py", line 355, in _open
    self.establish_connection()
  File "C:\Users\sntuser\AppData\Roaming\Python\Python39\site-packages\netmiko\base_connection.py", line 957, in establish_connection
    raise NetmikoTimeoutException(msg)
netmiko.ssh_exception.NetmikoTimeoutException: TCP connection to device failed.

Common causes of this problem are:
1. Incorrect hostname or IP address.
2. Wrong TCP port.
3. Intermediate firewall blocking access.

Device settings: juniper_junos 10.99.99.30:22



2022-06-16 20:04:48,529 - nornir.core.task -    ERROR -      start() - Host 'devxe1': task 'netmiko_send_command' failed with traceback:
Traceback (most recent call last):
  File "C:\Users\sntuser\AppData\Roaming\Python\Python39\site-packages\netmiko\base_connection.py", line 935, in establish_connection
    self.remote_conn_pre.connect(**ssh_connect_params)
  File "C:\Python39\lib\site-packages\paramiko\client.py", line 349, in connect
    retry_on_signal(lambda: sock.connect(addr))
  File "C:\Python39\lib\site-packages\paramiko\util.py", line 279, in retry_on_signal
    return function()
  File "C:\Python39\lib\site-packages\paramiko\client.py", line 349, in <lambda>
    retry_on_signal(lambda: sock.connect(addr))
socket.timeout: timed out

During handling of the above exception, another exception occurred:

Traceback (most recent call last):
  File "C:\Python39\lib\site-packages\nornir\core\task.py", line 99, in start
    r = self.task(self, **self.params)
  File "C:\Python39\lib\site-packages\nornir_netmiko\tasks\netmiko_send_command.py", line 26, in netmiko_send_command
    net_connect = task.host.get_connection(CONNECTION_NAME, task.nornir.config)
  File "C:\Python39\lib\site-packages\nornir\core\inventory.py", line 494, in get_connection
    self.open_connection(
  File "C:\Python39\lib\site-packages\nornir\core\inventory.py", line 546, in open_connection
    conn_obj.open(
  File "C:\Python39\lib\site-packages\nornir_netmiko\connections\netmiko.py", line 59, in open
    connection = ConnectHandler(**parameters)
  File "C:\Users\sntuser\AppData\Roaming\Python\Python39\site-packages\netmiko\ssh_dispatcher.py", line 326, in ConnectHandler
    return ConnectionClass(*args, **kwargs)
  File "C:\Users\sntuser\AppData\Roaming\Python\Python39\site-packages\netmiko\cisco\cisco_ios.py", line 17, in __init__
    return super().__init__(*args, **kwargs)
  File "C:\Users\sntuser\AppData\Roaming\Python\Python39\site-packages\netmiko\base_connection.py", line 350, in __init__
    self._open()
  File "C:\Users\sntuser\AppData\Roaming\Python\Python39\site-packages\netmiko\base_connection.py", line 355, in _open
    self.establish_connection()
  File "C:\Users\sntuser\AppData\Roaming\Python\Python39\site-packages\netmiko\base_connection.py", line 957, in establish_connection
    raise NetmikoTimeoutException(msg)
netmiko.ssh_exception.NetmikoTimeoutException: TCP connection to device failed.

Common causes of this problem are:
1. Incorrect hostname or IP address.
2. Wrong TCP port.
3. Intermediate firewall blocking access.

Device settings: cisco_ios ios-xe-mgmt.cisco.com:8181



2022-06-16 20:07:04,639 -  nornir.core -     INFO -        run() - Running task 'netmiko_send_command' with args {'command_string': 'sh ip int brief'} on 6 hosts
2022-06-16 20:07:04,791 - nornir.core.task -    ERROR -      start() - Host 'devxe2': task 'netmiko_send_command' failed with traceback:
Traceback (most recent call last):
  File "C:\Users\sntuser\AppData\Roaming\Python\Python39\site-packages\netmiko\base_connection.py", line 935, in establish_connection
    self.remote_conn_pre.connect(**ssh_connect_params)
  File "C:\Python39\lib\site-packages\paramiko\client.py", line 340, in connect
    to_try = list(self._families_and_addresses(hostname, port))
  File "C:\Python39\lib\site-packages\paramiko\client.py", line 203, in _families_and_addresses
    addrinfos = socket.getaddrinfo(
  File "C:\Python39\lib\socket.py", line 954, in getaddrinfo
    for res in _socket.getaddrinfo(host, port, family, type, proto, flags):
socket.gaierror: [Errno 11001] getaddrinfo failed

During handling of the above exception, another exception occurred:

Traceback (most recent call last):
  File "C:\Python39\lib\site-packages\nornir\core\task.py", line 99, in start
    r = self.task(self, **self.params)
  File "C:\Python39\lib\site-packages\nornir_netmiko\tasks\netmiko_send_command.py", line 26, in netmiko_send_command
    net_connect = task.host.get_connection(CONNECTION_NAME, task.nornir.config)
  File "C:\Python39\lib\site-packages\nornir\core\inventory.py", line 494, in get_connection
    self.open_connection(
  File "C:\Python39\lib\site-packages\nornir\core\inventory.py", line 546, in open_connection
    conn_obj.open(
  File "C:\Python39\lib\site-packages\nornir_netmiko\connections\netmiko.py", line 59, in open
    connection = ConnectHandler(**parameters)
  File "C:\Users\sntuser\AppData\Roaming\Python\Python39\site-packages\netmiko\ssh_dispatcher.py", line 326, in ConnectHandler
    return ConnectionClass(*args, **kwargs)
  File "C:\Users\sntuser\AppData\Roaming\Python\Python39\site-packages\netmiko\cisco\cisco_ios.py", line 17, in __init__
    return super().__init__(*args, **kwargs)
  File "C:\Users\sntuser\AppData\Roaming\Python\Python39\site-packages\netmiko\base_connection.py", line 350, in __init__
    self._open()
  File "C:\Users\sntuser\AppData\Roaming\Python\Python39\site-packages\netmiko\base_connection.py", line 355, in _open
    self.establish_connection()
  File "C:\Users\sntuser\AppData\Roaming\Python\Python39\site-packages\netmiko\base_connection.py", line 957, in establish_connection
    raise NetmikoTimeoutException(msg)
netmiko.ssh_exception.NetmikoTimeoutException: TCP connection to device failed.

Common causes of this problem are:
1. Incorrect hostname or IP address.
2. Wrong TCP port.
3. Intermediate firewall blocking access.

Device settings: cisco_ios ios-xe-mgmt.latest.cisco.com:8181



2022-06-16 20:07:09,242 - nornir.core.task -    ERROR -      start() - Host 'r3': task 'netmiko_send_command' failed with traceback:
Traceback (most recent call last):
  File "C:\Users\sntuser\AppData\Roaming\Python\Python39\site-packages\netmiko\base_connection.py", line 935, in establish_connection
    self.remote_conn_pre.connect(**ssh_connect_params)
  File "C:\Python39\lib\site-packages\paramiko\client.py", line 435, in connect
    self._auth(
  File "C:\Python39\lib\site-packages\paramiko\client.py", line 766, in _auth
    raise saved_exception
  File "C:\Python39\lib\site-packages\paramiko\client.py", line 753, in _auth
    self._transport.auth_password(username, password)
  File "C:\Python39\lib\site-packages\paramiko\transport.py", line 1564, in auth_password
    return self.auth_handler.wait_for_response(my_event)
  File "C:\Python39\lib\site-packages\paramiko\auth_handler.py", line 259, in wait_for_response
    raise e
paramiko.ssh_exception.AuthenticationException: Authentication failed.

During handling of the above exception, another exception occurred:

Traceback (most recent call last):
  File "C:\Python39\lib\site-packages\nornir\core\task.py", line 99, in start
    r = self.task(self, **self.params)
  File "C:\Python39\lib\site-packages\nornir_netmiko\tasks\netmiko_send_command.py", line 26, in netmiko_send_command
    net_connect = task.host.get_connection(CONNECTION_NAME, task.nornir.config)
  File "C:\Python39\lib\site-packages\nornir\core\inventory.py", line 494, in get_connection
    self.open_connection(
  File "C:\Python39\lib\site-packages\nornir\core\inventory.py", line 546, in open_connection
    conn_obj.open(
  File "C:\Python39\lib\site-packages\nornir_netmiko\connections\netmiko.py", line 59, in open
    connection = ConnectHandler(**parameters)
  File "C:\Users\sntuser\AppData\Roaming\Python\Python39\site-packages\netmiko\ssh_dispatcher.py", line 326, in ConnectHandler
    return ConnectionClass(*args, **kwargs)
  File "C:\Users\sntuser\AppData\Roaming\Python\Python39\site-packages\netmiko\cisco\cisco_ios.py", line 17, in __init__
    return super().__init__(*args, **kwargs)
  File "C:\Users\sntuser\AppData\Roaming\Python\Python39\site-packages\netmiko\base_connection.py", line 350, in __init__
    self._open()
  File "C:\Users\sntuser\AppData\Roaming\Python\Python39\site-packages\netmiko\base_connection.py", line 355, in _open
    self.establish_connection()
  File "C:\Users\sntuser\AppData\Roaming\Python\Python39\site-packages\netmiko\base_connection.py", line 972, in establish_connection
    raise NetmikoAuthenticationException(msg)
netmiko.ssh_exception.NetmikoAuthenticationException: Authentication to device failed.

Common causes of this problem are:
1. Invalid username and password
2. Incorrect SSH-key file
3. Connecting to the wrong device

Device settings: cisco_ios 10.99.99.12:22


Authentication failed.

2022-06-16 20:07:09,291 - nornir.core.task -    ERROR -      start() - Host 'r2': task 'netmiko_send_command' failed with traceback:
Traceback (most recent call last):
  File "C:\Users\sntuser\AppData\Roaming\Python\Python39\site-packages\netmiko\base_connection.py", line 935, in establish_connection
    self.remote_conn_pre.connect(**ssh_connect_params)
  File "C:\Python39\lib\site-packages\paramiko\client.py", line 435, in connect
    self._auth(
  File "C:\Python39\lib\site-packages\paramiko\client.py", line 766, in _auth
    raise saved_exception
  File "C:\Python39\lib\site-packages\paramiko\client.py", line 753, in _auth
    self._transport.auth_password(username, password)
  File "C:\Python39\lib\site-packages\paramiko\transport.py", line 1564, in auth_password
    return self.auth_handler.wait_for_response(my_event)
  File "C:\Python39\lib\site-packages\paramiko\auth_handler.py", line 259, in wait_for_response
    raise e
paramiko.ssh_exception.AuthenticationException: Authentication failed.

During handling of the above exception, another exception occurred:

Traceback (most recent call last):
  File "C:\Python39\lib\site-packages\nornir\core\task.py", line 99, in start
    r = self.task(self, **self.params)
  File "C:\Python39\lib\site-packages\nornir_netmiko\tasks\netmiko_send_command.py", line 26, in netmiko_send_command
    net_connect = task.host.get_connection(CONNECTION_NAME, task.nornir.config)
  File "C:\Python39\lib\site-packages\nornir\core\inventory.py", line 494, in get_connection
    self.open_connection(
  File "C:\Python39\lib\site-packages\nornir\core\inventory.py", line 546, in open_connection
    conn_obj.open(
  File "C:\Python39\lib\site-packages\nornir_netmiko\connections\netmiko.py", line 59, in open
    connection = ConnectHandler(**parameters)
  File "C:\Users\sntuser\AppData\Roaming\Python\Python39\site-packages\netmiko\ssh_dispatcher.py", line 326, in ConnectHandler
    return ConnectionClass(*args, **kwargs)
  File "C:\Users\sntuser\AppData\Roaming\Python\Python39\site-packages\netmiko\cisco\cisco_ios.py", line 17, in __init__
    return super().__init__(*args, **kwargs)
  File "C:\Users\sntuser\AppData\Roaming\Python\Python39\site-packages\netmiko\base_connection.py", line 350, in __init__
    self._open()
  File "C:\Users\sntuser\AppData\Roaming\Python\Python39\site-packages\netmiko\base_connection.py", line 355, in _open
    self.establish_connection()
  File "C:\Users\sntuser\AppData\Roaming\Python\Python39\site-packages\netmiko\base_connection.py", line 972, in establish_connection
    raise NetmikoAuthenticationException(msg)
netmiko.ssh_exception.NetmikoAuthenticationException: Authentication to device failed.

Common causes of this problem are:
1. Invalid username and password
2. Incorrect SSH-key file
3. Connecting to the wrong device

Device settings: cisco_ios 10.99.99.11:22


Authentication failed.

2022-06-16 20:07:09,665 - nornir.core.task -    ERROR -      start() - Host 'j1': task 'netmiko_send_command' failed with traceback:
Traceback (most recent call last):
  File "C:\Users\sntuser\AppData\Roaming\Python\Python39\site-packages\netmiko\base_connection.py", line 935, in establish_connection
    self.remote_conn_pre.connect(**ssh_connect_params)
  File "C:\Python39\lib\site-packages\paramiko\client.py", line 349, in connect
    retry_on_signal(lambda: sock.connect(addr))
  File "C:\Python39\lib\site-packages\paramiko\util.py", line 279, in retry_on_signal
    return function()
  File "C:\Python39\lib\site-packages\paramiko\client.py", line 349, in <lambda>
    retry_on_signal(lambda: sock.connect(addr))
socket.timeout: timed out

During handling of the above exception, another exception occurred:

Traceback (most recent call last):
  File "C:\Python39\lib\site-packages\nornir\core\task.py", line 99, in start
    r = self.task(self, **self.params)
  File "C:\Python39\lib\site-packages\nornir_netmiko\tasks\netmiko_send_command.py", line 26, in netmiko_send_command
    net_connect = task.host.get_connection(CONNECTION_NAME, task.nornir.config)
  File "C:\Python39\lib\site-packages\nornir\core\inventory.py", line 494, in get_connection
    self.open_connection(
  File "C:\Python39\lib\site-packages\nornir\core\inventory.py", line 546, in open_connection
    conn_obj.open(
  File "C:\Python39\lib\site-packages\nornir_netmiko\connections\netmiko.py", line 59, in open
    connection = ConnectHandler(**parameters)
  File "C:\Users\sntuser\AppData\Roaming\Python\Python39\site-packages\netmiko\ssh_dispatcher.py", line 326, in ConnectHandler
    return ConnectionClass(*args, **kwargs)
  File "C:\Users\sntuser\AppData\Roaming\Python\Python39\site-packages\netmiko\juniper\juniper.py", line 20, in __init__
    return super().__init__(*args, **kwargs)
  File "C:\Users\sntuser\AppData\Roaming\Python\Python39\site-packages\netmiko\base_connection.py", line 350, in __init__
    self._open()
  File "C:\Users\sntuser\AppData\Roaming\Python\Python39\site-packages\netmiko\base_connection.py", line 355, in _open
    self.establish_connection()
  File "C:\Users\sntuser\AppData\Roaming\Python\Python39\site-packages\netmiko\base_connection.py", line 957, in establish_connection
    raise NetmikoTimeoutException(msg)
netmiko.ssh_exception.NetmikoTimeoutException: TCP connection to device failed.

Common causes of this problem are:
1. Incorrect hostname or IP address.
2. Wrong TCP port.
3. Intermediate firewall blocking access.

Device settings: juniper_junos 10.99.99.30:22



2022-06-16 20:07:09,665 - nornir.core.task -    ERROR -      start() - Host 'devxe1': task 'netmiko_send_command' failed with traceback:
Traceback (most recent call last):
  File "C:\Users\sntuser\AppData\Roaming\Python\Python39\site-packages\netmiko\base_connection.py", line 935, in establish_connection
    self.remote_conn_pre.connect(**ssh_connect_params)
  File "C:\Python39\lib\site-packages\paramiko\client.py", line 349, in connect
    retry_on_signal(lambda: sock.connect(addr))
  File "C:\Python39\lib\site-packages\paramiko\util.py", line 279, in retry_on_signal
    return function()
  File "C:\Python39\lib\site-packages\paramiko\client.py", line 349, in <lambda>
    retry_on_signal(lambda: sock.connect(addr))
socket.timeout: timed out

During handling of the above exception, another exception occurred:

Traceback (most recent call last):
  File "C:\Python39\lib\site-packages\nornir\core\task.py", line 99, in start
    r = self.task(self, **self.params)
  File "C:\Python39\lib\site-packages\nornir_netmiko\tasks\netmiko_send_command.py", line 26, in netmiko_send_command
    net_connect = task.host.get_connection(CONNECTION_NAME, task.nornir.config)
  File "C:\Python39\lib\site-packages\nornir\core\inventory.py", line 494, in get_connection
    self.open_connection(
  File "C:\Python39\lib\site-packages\nornir\core\inventory.py", line 546, in open_connection
    conn_obj.open(
  File "C:\Python39\lib\site-packages\nornir_netmiko\connections\netmiko.py", line 59, in open
    connection = ConnectHandler(**parameters)
  File "C:\Users\sntuser\AppData\Roaming\Python\Python39\site-packages\netmiko\ssh_dispatcher.py", line 326, in ConnectHandler
    return ConnectionClass(*args, **kwargs)
  File "C:\Users\sntuser\AppData\Roaming\Python\Python39\site-packages\netmiko\cisco\cisco_ios.py", line 17, in __init__
    return super().__init__(*args, **kwargs)
  File "C:\Users\sntuser\AppData\Roaming\Python\Python39\site-packages\netmiko\base_connection.py", line 350, in __init__
    self._open()
  File "C:\Users\sntuser\AppData\Roaming\Python\Python39\site-packages\netmiko\base_connection.py", line 355, in _open
    self.establish_connection()
  File "C:\Users\sntuser\AppData\Roaming\Python\Python39\site-packages\netmiko\base_connection.py", line 957, in establish_connection
    raise NetmikoTimeoutException(msg)
netmiko.ssh_exception.NetmikoTimeoutException: TCP connection to device failed.

Common causes of this problem are:
1. Incorrect hostname or IP address.
2. Wrong TCP port.
3. Intermediate firewall blocking access.

Device settings: cisco_ios ios-xe-mgmt.cisco.com:8181



2022-06-16 20:07:09,669 - nornir.core.task -    ERROR -      start() - Host 'r1': task 'netmiko_send_command' failed with traceback:
Traceback (most recent call last):
  File "C:\Users\sntuser\AppData\Roaming\Python\Python39\site-packages\netmiko\base_connection.py", line 935, in establish_connection
    self.remote_conn_pre.connect(**ssh_connect_params)
  File "C:\Python39\lib\site-packages\paramiko\client.py", line 349, in connect
    retry_on_signal(lambda: sock.connect(addr))
  File "C:\Python39\lib\site-packages\paramiko\util.py", line 279, in retry_on_signal
    return function()
  File "C:\Python39\lib\site-packages\paramiko\client.py", line 349, in <lambda>
    retry_on_signal(lambda: sock.connect(addr))
socket.timeout: timed out

During handling of the above exception, another exception occurred:

Traceback (most recent call last):
  File "C:\Python39\lib\site-packages\nornir\core\task.py", line 99, in start
    r = self.task(self, **self.params)
  File "C:\Python39\lib\site-packages\nornir_netmiko\tasks\netmiko_send_command.py", line 26, in netmiko_send_command
    net_connect = task.host.get_connection(CONNECTION_NAME, task.nornir.config)
  File "C:\Python39\lib\site-packages\nornir\core\inventory.py", line 494, in get_connection
    self.open_connection(
  File "C:\Python39\lib\site-packages\nornir\core\inventory.py", line 546, in open_connection
    conn_obj.open(
  File "C:\Python39\lib\site-packages\nornir_netmiko\connections\netmiko.py", line 59, in open
    connection = ConnectHandler(**parameters)
  File "C:\Users\sntuser\AppData\Roaming\Python\Python39\site-packages\netmiko\ssh_dispatcher.py", line 326, in ConnectHandler
    return ConnectionClass(*args, **kwargs)
  File "C:\Users\sntuser\AppData\Roaming\Python\Python39\site-packages\netmiko\cisco\cisco_ios.py", line 17, in __init__
    return super().__init__(*args, **kwargs)
  File "C:\Users\sntuser\AppData\Roaming\Python\Python39\site-packages\netmiko\base_connection.py", line 350, in __init__
    self._open()
  File "C:\Users\sntuser\AppData\Roaming\Python\Python39\site-packages\netmiko\base_connection.py", line 355, in _open
    self.establish_connection()
  File "C:\Users\sntuser\AppData\Roaming\Python\Python39\site-packages\netmiko\base_connection.py", line 957, in establish_connection
    raise NetmikoTimeoutException(msg)
netmiko.ssh_exception.NetmikoTimeoutException: TCP connection to device failed.

Common causes of this problem are:
1. Incorrect hostname or IP address.
2. Wrong TCP port.
3. Intermediate firewall blocking access.

Device settings: cisco_ios 10.99.99.10:22



2022-06-16 20:08:50,671 -  nornir.core -     INFO -        run() - Running task 'netmiko_send_command' with args {'command_string': 'sh ip int brief'} on 6 hosts
2022-06-16 20:08:50,699 - nornir.core.task -    ERROR -      start() - Host 'devxe2': task 'netmiko_send_command' failed with traceback:
Traceback (most recent call last):
  File "C:\Users\sntuser\AppData\Roaming\Python\Python39\site-packages\netmiko\base_connection.py", line 935, in establish_connection
    self.remote_conn_pre.connect(**ssh_connect_params)
  File "C:\Python39\lib\site-packages\paramiko\client.py", line 340, in connect
    to_try = list(self._families_and_addresses(hostname, port))
  File "C:\Python39\lib\site-packages\paramiko\client.py", line 203, in _families_and_addresses
    addrinfos = socket.getaddrinfo(
  File "C:\Python39\lib\socket.py", line 954, in getaddrinfo
    for res in _socket.getaddrinfo(host, port, family, type, proto, flags):
socket.gaierror: [Errno 11001] getaddrinfo failed

During handling of the above exception, another exception occurred:

Traceback (most recent call last):
  File "C:\Python39\lib\site-packages\nornir\core\task.py", line 99, in start
    r = self.task(self, **self.params)
  File "C:\Python39\lib\site-packages\nornir_netmiko\tasks\netmiko_send_command.py", line 26, in netmiko_send_command
    net_connect = task.host.get_connection(CONNECTION_NAME, task.nornir.config)
  File "C:\Python39\lib\site-packages\nornir\core\inventory.py", line 494, in get_connection
    self.open_connection(
  File "C:\Python39\lib\site-packages\nornir\core\inventory.py", line 546, in open_connection
    conn_obj.open(
  File "C:\Python39\lib\site-packages\nornir_netmiko\connections\netmiko.py", line 59, in open
    connection = ConnectHandler(**parameters)
  File "C:\Users\sntuser\AppData\Roaming\Python\Python39\site-packages\netmiko\ssh_dispatcher.py", line 326, in ConnectHandler
    return ConnectionClass(*args, **kwargs)
  File "C:\Users\sntuser\AppData\Roaming\Python\Python39\site-packages\netmiko\cisco\cisco_ios.py", line 17, in __init__
    return super().__init__(*args, **kwargs)
  File "C:\Users\sntuser\AppData\Roaming\Python\Python39\site-packages\netmiko\base_connection.py", line 350, in __init__
    self._open()
  File "C:\Users\sntuser\AppData\Roaming\Python\Python39\site-packages\netmiko\base_connection.py", line 355, in _open
    self.establish_connection()
  File "C:\Users\sntuser\AppData\Roaming\Python\Python39\site-packages\netmiko\base_connection.py", line 957, in establish_connection
    raise NetmikoTimeoutException(msg)
netmiko.ssh_exception.NetmikoTimeoutException: TCP connection to device failed.

Common causes of this problem are:
1. Incorrect hostname or IP address.
2. Wrong TCP port.
3. Intermediate firewall blocking access.

Device settings: cisco_ios ios-xe-mgmt.latest.cisco.com:8181



2022-06-16 20:08:55,267 - nornir.core.task -    ERROR -      start() - Host 'r2': task 'netmiko_send_command' failed with traceback:
Traceback (most recent call last):
  File "C:\Users\sntuser\AppData\Roaming\Python\Python39\site-packages\netmiko\base_connection.py", line 935, in establish_connection
    self.remote_conn_pre.connect(**ssh_connect_params)
  File "C:\Python39\lib\site-packages\paramiko\client.py", line 435, in connect
    self._auth(
  File "C:\Python39\lib\site-packages\paramiko\client.py", line 766, in _auth
    raise saved_exception
  File "C:\Python39\lib\site-packages\paramiko\client.py", line 753, in _auth
    self._transport.auth_password(username, password)
  File "C:\Python39\lib\site-packages\paramiko\transport.py", line 1564, in auth_password
    return self.auth_handler.wait_for_response(my_event)
  File "C:\Python39\lib\site-packages\paramiko\auth_handler.py", line 259, in wait_for_response
    raise e
paramiko.ssh_exception.AuthenticationException: Authentication failed.

During handling of the above exception, another exception occurred:

Traceback (most recent call last):
  File "C:\Python39\lib\site-packages\nornir\core\task.py", line 99, in start
    r = self.task(self, **self.params)
  File "C:\Python39\lib\site-packages\nornir_netmiko\tasks\netmiko_send_command.py", line 26, in netmiko_send_command
    net_connect = task.host.get_connection(CONNECTION_NAME, task.nornir.config)
  File "C:\Python39\lib\site-packages\nornir\core\inventory.py", line 494, in get_connection
    self.open_connection(
  File "C:\Python39\lib\site-packages\nornir\core\inventory.py", line 546, in open_connection
    conn_obj.open(
  File "C:\Python39\lib\site-packages\nornir_netmiko\connections\netmiko.py", line 59, in open
    connection = ConnectHandler(**parameters)
  File "C:\Users\sntuser\AppData\Roaming\Python\Python39\site-packages\netmiko\ssh_dispatcher.py", line 326, in ConnectHandler
    return ConnectionClass(*args, **kwargs)
  File "C:\Users\sntuser\AppData\Roaming\Python\Python39\site-packages\netmiko\cisco\cisco_ios.py", line 17, in __init__
    return super().__init__(*args, **kwargs)
  File "C:\Users\sntuser\AppData\Roaming\Python\Python39\site-packages\netmiko\base_connection.py", line 350, in __init__
    self._open()
  File "C:\Users\sntuser\AppData\Roaming\Python\Python39\site-packages\netmiko\base_connection.py", line 355, in _open
    self.establish_connection()
  File "C:\Users\sntuser\AppData\Roaming\Python\Python39\site-packages\netmiko\base_connection.py", line 972, in establish_connection
    raise NetmikoAuthenticationException(msg)
netmiko.ssh_exception.NetmikoAuthenticationException: Authentication to device failed.

Common causes of this problem are:
1. Invalid username and password
2. Incorrect SSH-key file
3. Connecting to the wrong device

Device settings: cisco_ios 10.99.99.11:22


Authentication failed.

2022-06-16 20:08:55,421 - nornir.core.task -    ERROR -      start() - Host 'r3': task 'netmiko_send_command' failed with traceback:
Traceback (most recent call last):
  File "C:\Users\sntuser\AppData\Roaming\Python\Python39\site-packages\netmiko\base_connection.py", line 935, in establish_connection
    self.remote_conn_pre.connect(**ssh_connect_params)
  File "C:\Python39\lib\site-packages\paramiko\client.py", line 435, in connect
    self._auth(
  File "C:\Python39\lib\site-packages\paramiko\client.py", line 766, in _auth
    raise saved_exception
  File "C:\Python39\lib\site-packages\paramiko\client.py", line 753, in _auth
    self._transport.auth_password(username, password)
  File "C:\Python39\lib\site-packages\paramiko\transport.py", line 1564, in auth_password
    return self.auth_handler.wait_for_response(my_event)
  File "C:\Python39\lib\site-packages\paramiko\auth_handler.py", line 259, in wait_for_response
    raise e
paramiko.ssh_exception.AuthenticationException: Authentication failed.

During handling of the above exception, another exception occurred:

Traceback (most recent call last):
  File "C:\Python39\lib\site-packages\nornir\core\task.py", line 99, in start
    r = self.task(self, **self.params)
  File "C:\Python39\lib\site-packages\nornir_netmiko\tasks\netmiko_send_command.py", line 26, in netmiko_send_command
    net_connect = task.host.get_connection(CONNECTION_NAME, task.nornir.config)
  File "C:\Python39\lib\site-packages\nornir\core\inventory.py", line 494, in get_connection
    self.open_connection(
  File "C:\Python39\lib\site-packages\nornir\core\inventory.py", line 546, in open_connection
    conn_obj.open(
  File "C:\Python39\lib\site-packages\nornir_netmiko\connections\netmiko.py", line 59, in open
    connection = ConnectHandler(**parameters)
  File "C:\Users\sntuser\AppData\Roaming\Python\Python39\site-packages\netmiko\ssh_dispatcher.py", line 326, in ConnectHandler
    return ConnectionClass(*args, **kwargs)
  File "C:\Users\sntuser\AppData\Roaming\Python\Python39\site-packages\netmiko\cisco\cisco_ios.py", line 17, in __init__
    return super().__init__(*args, **kwargs)
  File "C:\Users\sntuser\AppData\Roaming\Python\Python39\site-packages\netmiko\base_connection.py", line 350, in __init__
    self._open()
  File "C:\Users\sntuser\AppData\Roaming\Python\Python39\site-packages\netmiko\base_connection.py", line 355, in _open
    self.establish_connection()
  File "C:\Users\sntuser\AppData\Roaming\Python\Python39\site-packages\netmiko\base_connection.py", line 972, in establish_connection
    raise NetmikoAuthenticationException(msg)
netmiko.ssh_exception.NetmikoAuthenticationException: Authentication to device failed.

Common causes of this problem are:
1. Invalid username and password
2. Incorrect SSH-key file
3. Connecting to the wrong device

Device settings: cisco_ios 10.99.99.12:22


Authentication failed.

2022-06-16 20:08:55,689 - nornir.core.task -    ERROR -      start() - Host 'devxe1': task 'netmiko_send_command' failed with traceback:
Traceback (most recent call last):
  File "C:\Users\sntuser\AppData\Roaming\Python\Python39\site-packages\netmiko\base_connection.py", line 935, in establish_connection
    self.remote_conn_pre.connect(**ssh_connect_params)
  File "C:\Python39\lib\site-packages\paramiko\client.py", line 349, in connect
    retry_on_signal(lambda: sock.connect(addr))
  File "C:\Python39\lib\site-packages\paramiko\util.py", line 279, in retry_on_signal
    return function()
  File "C:\Python39\lib\site-packages\paramiko\client.py", line 349, in <lambda>
    retry_on_signal(lambda: sock.connect(addr))
socket.timeout: timed out

During handling of the above exception, another exception occurred:

Traceback (most recent call last):
  File "C:\Python39\lib\site-packages\nornir\core\task.py", line 99, in start
    r = self.task(self, **self.params)
  File "C:\Python39\lib\site-packages\nornir_netmiko\tasks\netmiko_send_command.py", line 26, in netmiko_send_command
    net_connect = task.host.get_connection(CONNECTION_NAME, task.nornir.config)
  File "C:\Python39\lib\site-packages\nornir\core\inventory.py", line 494, in get_connection
    self.open_connection(
  File "C:\Python39\lib\site-packages\nornir\core\inventory.py", line 546, in open_connection
    conn_obj.open(
  File "C:\Python39\lib\site-packages\nornir_netmiko\connections\netmiko.py", line 59, in open
    connection = ConnectHandler(**parameters)
  File "C:\Users\sntuser\AppData\Roaming\Python\Python39\site-packages\netmiko\ssh_dispatcher.py", line 326, in ConnectHandler
    return ConnectionClass(*args, **kwargs)
  File "C:\Users\sntuser\AppData\Roaming\Python\Python39\site-packages\netmiko\cisco\cisco_ios.py", line 17, in __init__
    return super().__init__(*args, **kwargs)
  File "C:\Users\sntuser\AppData\Roaming\Python\Python39\site-packages\netmiko\base_connection.py", line 350, in __init__
    self._open()
  File "C:\Users\sntuser\AppData\Roaming\Python\Python39\site-packages\netmiko\base_connection.py", line 355, in _open
    self.establish_connection()
  File "C:\Users\sntuser\AppData\Roaming\Python\Python39\site-packages\netmiko\base_connection.py", line 957, in establish_connection
    raise NetmikoTimeoutException(msg)
netmiko.ssh_exception.NetmikoTimeoutException: TCP connection to device failed.

Common causes of this problem are:
1. Incorrect hostname or IP address.
2. Wrong TCP port.
3. Intermediate firewall blocking access.

Device settings: cisco_ios ios-xe-mgmt.cisco.com:8181



2022-06-16 20:08:55,692 - nornir.core.task -    ERROR -      start() - Host 'j1': task 'netmiko_send_command' failed with traceback:
Traceback (most recent call last):
  File "C:\Users\sntuser\AppData\Roaming\Python\Python39\site-packages\netmiko\base_connection.py", line 935, in establish_connection
    self.remote_conn_pre.connect(**ssh_connect_params)
  File "C:\Python39\lib\site-packages\paramiko\client.py", line 349, in connect
    retry_on_signal(lambda: sock.connect(addr))
  File "C:\Python39\lib\site-packages\paramiko\util.py", line 279, in retry_on_signal
    return function()
  File "C:\Python39\lib\site-packages\paramiko\client.py", line 349, in <lambda>
    retry_on_signal(lambda: sock.connect(addr))
socket.timeout: timed out

During handling of the above exception, another exception occurred:

Traceback (most recent call last):
  File "C:\Python39\lib\site-packages\nornir\core\task.py", line 99, in start
    r = self.task(self, **self.params)
  File "C:\Python39\lib\site-packages\nornir_netmiko\tasks\netmiko_send_command.py", line 26, in netmiko_send_command
    net_connect = task.host.get_connection(CONNECTION_NAME, task.nornir.config)
  File "C:\Python39\lib\site-packages\nornir\core\inventory.py", line 494, in get_connection
    self.open_connection(
  File "C:\Python39\lib\site-packages\nornir\core\inventory.py", line 546, in open_connection
    conn_obj.open(
  File "C:\Python39\lib\site-packages\nornir_netmiko\connections\netmiko.py", line 59, in open
    connection = ConnectHandler(**parameters)
  File "C:\Users\sntuser\AppData\Roaming\Python\Python39\site-packages\netmiko\ssh_dispatcher.py", line 326, in ConnectHandler
    return ConnectionClass(*args, **kwargs)
  File "C:\Users\sntuser\AppData\Roaming\Python\Python39\site-packages\netmiko\juniper\juniper.py", line 20, in __init__
    return super().__init__(*args, **kwargs)
  File "C:\Users\sntuser\AppData\Roaming\Python\Python39\site-packages\netmiko\base_connection.py", line 350, in __init__
    self._open()
  File "C:\Users\sntuser\AppData\Roaming\Python\Python39\site-packages\netmiko\base_connection.py", line 355, in _open
    self.establish_connection()
  File "C:\Users\sntuser\AppData\Roaming\Python\Python39\site-packages\netmiko\base_connection.py", line 957, in establish_connection
    raise NetmikoTimeoutException(msg)
netmiko.ssh_exception.NetmikoTimeoutException: TCP connection to device failed.

Common causes of this problem are:
1. Incorrect hostname or IP address.
2. Wrong TCP port.
3. Intermediate firewall blocking access.

Device settings: juniper_junos 10.99.99.30:22



2022-06-16 20:08:55,692 - nornir.core.task -    ERROR -      start() - Host 'r1': task 'netmiko_send_command' failed with traceback:
Traceback (most recent call last):
  File "C:\Users\sntuser\AppData\Roaming\Python\Python39\site-packages\netmiko\base_connection.py", line 935, in establish_connection
    self.remote_conn_pre.connect(**ssh_connect_params)
  File "C:\Python39\lib\site-packages\paramiko\client.py", line 349, in connect
    retry_on_signal(lambda: sock.connect(addr))
  File "C:\Python39\lib\site-packages\paramiko\util.py", line 279, in retry_on_signal
    return function()
  File "C:\Python39\lib\site-packages\paramiko\client.py", line 349, in <lambda>
    retry_on_signal(lambda: sock.connect(addr))
socket.timeout: timed out

During handling of the above exception, another exception occurred:

Traceback (most recent call last):
  File "C:\Python39\lib\site-packages\nornir\core\task.py", line 99, in start
    r = self.task(self, **self.params)
  File "C:\Python39\lib\site-packages\nornir_netmiko\tasks\netmiko_send_command.py", line 26, in netmiko_send_command
    net_connect = task.host.get_connection(CONNECTION_NAME, task.nornir.config)
  File "C:\Python39\lib\site-packages\nornir\core\inventory.py", line 494, in get_connection
    self.open_connection(
  File "C:\Python39\lib\site-packages\nornir\core\inventory.py", line 546, in open_connection
    conn_obj.open(
  File "C:\Python39\lib\site-packages\nornir_netmiko\connections\netmiko.py", line 59, in open
    connection = ConnectHandler(**parameters)
  File "C:\Users\sntuser\AppData\Roaming\Python\Python39\site-packages\netmiko\ssh_dispatcher.py", line 326, in ConnectHandler
    return ConnectionClass(*args, **kwargs)
  File "C:\Users\sntuser\AppData\Roaming\Python\Python39\site-packages\netmiko\cisco\cisco_ios.py", line 17, in __init__
    return super().__init__(*args, **kwargs)
  File "C:\Users\sntuser\AppData\Roaming\Python\Python39\site-packages\netmiko\base_connection.py", line 350, in __init__
    self._open()
  File "C:\Users\sntuser\AppData\Roaming\Python\Python39\site-packages\netmiko\base_connection.py", line 355, in _open
    self.establish_connection()
  File "C:\Users\sntuser\AppData\Roaming\Python\Python39\site-packages\netmiko\base_connection.py", line 957, in establish_connection
    raise NetmikoTimeoutException(msg)
netmiko.ssh_exception.NetmikoTimeoutException: TCP connection to device failed.

Common causes of this problem are:
1. Incorrect hostname or IP address.
2. Wrong TCP port.
3. Intermediate firewall blocking access.

Device settings: cisco_ios 10.99.99.10:22



2022-06-16 20:10:58,822 -  nornir.core -     INFO -        run() - Running task 'netmiko_send_command' with args {'command_string': 'sh ip int brief'} on 6 hosts
2022-06-16 20:10:58,932 - nornir.core.task -    ERROR -      start() - Host 'devxe2': task 'netmiko_send_command' failed with traceback:
Traceback (most recent call last):
  File "C:\Users\sntuser\AppData\Roaming\Python\Python39\site-packages\netmiko\base_connection.py", line 935, in establish_connection
    self.remote_conn_pre.connect(**ssh_connect_params)
  File "C:\Python39\lib\site-packages\paramiko\client.py", line 340, in connect
    to_try = list(self._families_and_addresses(hostname, port))
  File "C:\Python39\lib\site-packages\paramiko\client.py", line 203, in _families_and_addresses
    addrinfos = socket.getaddrinfo(
  File "C:\Python39\lib\socket.py", line 954, in getaddrinfo
    for res in _socket.getaddrinfo(host, port, family, type, proto, flags):
socket.gaierror: [Errno 11001] getaddrinfo failed

During handling of the above exception, another exception occurred:

Traceback (most recent call last):
  File "C:\Python39\lib\site-packages\nornir\core\task.py", line 99, in start
    r = self.task(self, **self.params)
  File "C:\Python39\lib\site-packages\nornir_netmiko\tasks\netmiko_send_command.py", line 26, in netmiko_send_command
    net_connect = task.host.get_connection(CONNECTION_NAME, task.nornir.config)
  File "C:\Python39\lib\site-packages\nornir\core\inventory.py", line 494, in get_connection
    self.open_connection(
  File "C:\Python39\lib\site-packages\nornir\core\inventory.py", line 546, in open_connection
    conn_obj.open(
  File "C:\Python39\lib\site-packages\nornir_netmiko\connections\netmiko.py", line 59, in open
    connection = ConnectHandler(**parameters)
  File "C:\Users\sntuser\AppData\Roaming\Python\Python39\site-packages\netmiko\ssh_dispatcher.py", line 326, in ConnectHandler
    return ConnectionClass(*args, **kwargs)
  File "C:\Users\sntuser\AppData\Roaming\Python\Python39\site-packages\netmiko\cisco\cisco_ios.py", line 17, in __init__
    return super().__init__(*args, **kwargs)
  File "C:\Users\sntuser\AppData\Roaming\Python\Python39\site-packages\netmiko\base_connection.py", line 350, in __init__
    self._open()
  File "C:\Users\sntuser\AppData\Roaming\Python\Python39\site-packages\netmiko\base_connection.py", line 355, in _open
    self.establish_connection()
  File "C:\Users\sntuser\AppData\Roaming\Python\Python39\site-packages\netmiko\base_connection.py", line 957, in establish_connection
    raise NetmikoTimeoutException(msg)
netmiko.ssh_exception.NetmikoTimeoutException: TCP connection to device failed.

Common causes of this problem are:
1. Incorrect hostname or IP address.
2. Wrong TCP port.
3. Intermediate firewall blocking access.

Device settings: cisco_ios ios-xe-mgmt.latest.cisco.com:8181



2022-06-16 20:11:03,832 - nornir.core.task -    ERROR -      start() - Host 'r1': task 'netmiko_send_command' failed with traceback:
Traceback (most recent call last):
  File "C:\Users\sntuser\AppData\Roaming\Python\Python39\site-packages\netmiko\base_connection.py", line 935, in establish_connection
    self.remote_conn_pre.connect(**ssh_connect_params)
  File "C:\Python39\lib\site-packages\paramiko\client.py", line 349, in connect
    retry_on_signal(lambda: sock.connect(addr))
  File "C:\Python39\lib\site-packages\paramiko\util.py", line 279, in retry_on_signal
    return function()
  File "C:\Python39\lib\site-packages\paramiko\client.py", line 349, in <lambda>
    retry_on_signal(lambda: sock.connect(addr))
socket.timeout: timed out

During handling of the above exception, another exception occurred:

Traceback (most recent call last):
  File "C:\Python39\lib\site-packages\nornir\core\task.py", line 99, in start
    r = self.task(self, **self.params)
  File "C:\Python39\lib\site-packages\nornir_netmiko\tasks\netmiko_send_command.py", line 26, in netmiko_send_command
    net_connect = task.host.get_connection(CONNECTION_NAME, task.nornir.config)
  File "C:\Python39\lib\site-packages\nornir\core\inventory.py", line 494, in get_connection
    self.open_connection(
  File "C:\Python39\lib\site-packages\nornir\core\inventory.py", line 546, in open_connection
    conn_obj.open(
  File "C:\Python39\lib\site-packages\nornir_netmiko\connections\netmiko.py", line 59, in open
    connection = ConnectHandler(**parameters)
  File "C:\Users\sntuser\AppData\Roaming\Python\Python39\site-packages\netmiko\ssh_dispatcher.py", line 326, in ConnectHandler
    return ConnectionClass(*args, **kwargs)
  File "C:\Users\sntuser\AppData\Roaming\Python\Python39\site-packages\netmiko\cisco\cisco_ios.py", line 17, in __init__
    return super().__init__(*args, **kwargs)
  File "C:\Users\sntuser\AppData\Roaming\Python\Python39\site-packages\netmiko\base_connection.py", line 350, in __init__
    self._open()
  File "C:\Users\sntuser\AppData\Roaming\Python\Python39\site-packages\netmiko\base_connection.py", line 355, in _open
    self.establish_connection()
  File "C:\Users\sntuser\AppData\Roaming\Python\Python39\site-packages\netmiko\base_connection.py", line 957, in establish_connection
    raise NetmikoTimeoutException(msg)
netmiko.ssh_exception.NetmikoTimeoutException: TCP connection to device failed.

Common causes of this problem are:
1. Incorrect hostname or IP address.
2. Wrong TCP port.
3. Intermediate firewall blocking access.

Device settings: cisco_ios 10.99.99.10:22



2022-06-16 20:11:03,848 - nornir.core.task -    ERROR -      start() - Host 'j1': task 'netmiko_send_command' failed with traceback:
Traceback (most recent call last):
  File "C:\Users\sntuser\AppData\Roaming\Python\Python39\site-packages\netmiko\base_connection.py", line 935, in establish_connection
    self.remote_conn_pre.connect(**ssh_connect_params)
  File "C:\Python39\lib\site-packages\paramiko\client.py", line 349, in connect
    retry_on_signal(lambda: sock.connect(addr))
  File "C:\Python39\lib\site-packages\paramiko\util.py", line 279, in retry_on_signal
    return function()
  File "C:\Python39\lib\site-packages\paramiko\client.py", line 349, in <lambda>
    retry_on_signal(lambda: sock.connect(addr))
socket.timeout: timed out

During handling of the above exception, another exception occurred:

Traceback (most recent call last):
  File "C:\Python39\lib\site-packages\nornir\core\task.py", line 99, in start
    r = self.task(self, **self.params)
  File "C:\Python39\lib\site-packages\nornir_netmiko\tasks\netmiko_send_command.py", line 26, in netmiko_send_command
    net_connect = task.host.get_connection(CONNECTION_NAME, task.nornir.config)
  File "C:\Python39\lib\site-packages\nornir\core\inventory.py", line 494, in get_connection
    self.open_connection(
  File "C:\Python39\lib\site-packages\nornir\core\inventory.py", line 546, in open_connection
    conn_obj.open(
  File "C:\Python39\lib\site-packages\nornir_netmiko\connections\netmiko.py", line 59, in open
    connection = ConnectHandler(**parameters)
  File "C:\Users\sntuser\AppData\Roaming\Python\Python39\site-packages\netmiko\ssh_dispatcher.py", line 326, in ConnectHandler
    return ConnectionClass(*args, **kwargs)
  File "C:\Users\sntuser\AppData\Roaming\Python\Python39\site-packages\netmiko\juniper\juniper.py", line 20, in __init__
    return super().__init__(*args, **kwargs)
  File "C:\Users\sntuser\AppData\Roaming\Python\Python39\site-packages\netmiko\base_connection.py", line 350, in __init__
    self._open()
  File "C:\Users\sntuser\AppData\Roaming\Python\Python39\site-packages\netmiko\base_connection.py", line 355, in _open
    self.establish_connection()
  File "C:\Users\sntuser\AppData\Roaming\Python\Python39\site-packages\netmiko\base_connection.py", line 957, in establish_connection
    raise NetmikoTimeoutException(msg)
netmiko.ssh_exception.NetmikoTimeoutException: TCP connection to device failed.

Common causes of this problem are:
1. Incorrect hostname or IP address.
2. Wrong TCP port.
3. Intermediate firewall blocking access.

Device settings: juniper_junos 10.99.99.30:22



2022-06-16 20:11:03,848 - nornir.core.task -    ERROR -      start() - Host 'devxe1': task 'netmiko_send_command' failed with traceback:
Traceback (most recent call last):
  File "C:\Users\sntuser\AppData\Roaming\Python\Python39\site-packages\netmiko\base_connection.py", line 935, in establish_connection
    self.remote_conn_pre.connect(**ssh_connect_params)
  File "C:\Python39\lib\site-packages\paramiko\client.py", line 349, in connect
    retry_on_signal(lambda: sock.connect(addr))
  File "C:\Python39\lib\site-packages\paramiko\util.py", line 279, in retry_on_signal
    return function()
  File "C:\Python39\lib\site-packages\paramiko\client.py", line 349, in <lambda>
    retry_on_signal(lambda: sock.connect(addr))
socket.timeout: timed out

During handling of the above exception, another exception occurred:

Traceback (most recent call last):
  File "C:\Python39\lib\site-packages\nornir\core\task.py", line 99, in start
    r = self.task(self, **self.params)
  File "C:\Python39\lib\site-packages\nornir_netmiko\tasks\netmiko_send_command.py", line 26, in netmiko_send_command
    net_connect = task.host.get_connection(CONNECTION_NAME, task.nornir.config)
  File "C:\Python39\lib\site-packages\nornir\core\inventory.py", line 494, in get_connection
    self.open_connection(
  File "C:\Python39\lib\site-packages\nornir\core\inventory.py", line 546, in open_connection
    conn_obj.open(
  File "C:\Python39\lib\site-packages\nornir_netmiko\connections\netmiko.py", line 59, in open
    connection = ConnectHandler(**parameters)
  File "C:\Users\sntuser\AppData\Roaming\Python\Python39\site-packages\netmiko\ssh_dispatcher.py", line 326, in ConnectHandler
    return ConnectionClass(*args, **kwargs)
  File "C:\Users\sntuser\AppData\Roaming\Python\Python39\site-packages\netmiko\cisco\cisco_ios.py", line 17, in __init__
    return super().__init__(*args, **kwargs)
  File "C:\Users\sntuser\AppData\Roaming\Python\Python39\site-packages\netmiko\base_connection.py", line 350, in __init__
    self._open()
  File "C:\Users\sntuser\AppData\Roaming\Python\Python39\site-packages\netmiko\base_connection.py", line 355, in _open
    self.establish_connection()
  File "C:\Users\sntuser\AppData\Roaming\Python\Python39\site-packages\netmiko\base_connection.py", line 957, in establish_connection
    raise NetmikoTimeoutException(msg)
netmiko.ssh_exception.NetmikoTimeoutException: TCP connection to device failed.

Common causes of this problem are:
1. Incorrect hostname or IP address.
2. Wrong TCP port.
3. Intermediate firewall blocking access.

Device settings: cisco_ios ios-xe-mgmt.cisco.com:8181



2022-06-16 20:19:55,046 -  nornir.core -     INFO -        run() - Running task 'netmiko_send_command' with args {'command_string': 'sh ip int brief'} on 4 hosts
2022-06-16 20:21:03,265 -  nornir.core -     INFO -        run() - Running task 'netmiko_send_command' with args {'command_string': 'sh ver'} on 3 hosts
2022-06-16 20:22:01,907 -  nornir.core -     INFO -        run() - Running task 'netmiko_send_config' with args {'config_commands': ['interface gi0/0', 'description Interface description set by nornir']} on 3 hosts
2022-06-16 20:30:23,267 -  nornir.core -     INFO -        run() - Running task 'netmiko_send_command' with args {'command_string': 'sh ip int brief'} on 5 hosts
2022-06-16 20:30:28,298 - nornir.core.task -    ERROR -      start() - Host 'r4': task 'netmiko_send_command' failed with traceback:
Traceback (most recent call last):
  File "C:\Users\sntuser\AppData\Roaming\Python\Python39\site-packages\netmiko\base_connection.py", line 935, in establish_connection
    self.remote_conn_pre.connect(**ssh_connect_params)
  File "C:\Python39\lib\site-packages\paramiko\client.py", line 349, in connect
    retry_on_signal(lambda: sock.connect(addr))
  File "C:\Python39\lib\site-packages\paramiko\util.py", line 279, in retry_on_signal
    return function()
  File "C:\Python39\lib\site-packages\paramiko\client.py", line 349, in <lambda>
    retry_on_signal(lambda: sock.connect(addr))
socket.timeout: timed out

During handling of the above exception, another exception occurred:

Traceback (most recent call last):
  File "C:\Python39\lib\site-packages\nornir\core\task.py", line 99, in start
    r = self.task(self, **self.params)
  File "C:\Python39\lib\site-packages\nornir_netmiko\tasks\netmiko_send_command.py", line 26, in netmiko_send_command
    net_connect = task.host.get_connection(CONNECTION_NAME, task.nornir.config)
  File "C:\Python39\lib\site-packages\nornir\core\inventory.py", line 494, in get_connection
    self.open_connection(
  File "C:\Python39\lib\site-packages\nornir\core\inventory.py", line 546, in open_connection
    conn_obj.open(
  File "C:\Python39\lib\site-packages\nornir_netmiko\connections\netmiko.py", line 59, in open
    connection = ConnectHandler(**parameters)
  File "C:\Users\sntuser\AppData\Roaming\Python\Python39\site-packages\netmiko\ssh_dispatcher.py", line 326, in ConnectHandler
    return ConnectionClass(*args, **kwargs)
  File "C:\Users\sntuser\AppData\Roaming\Python\Python39\site-packages\netmiko\cisco\cisco_ios.py", line 17, in __init__
    return super().__init__(*args, **kwargs)
  File "C:\Users\sntuser\AppData\Roaming\Python\Python39\site-packages\netmiko\base_connection.py", line 350, in __init__
    self._open()
  File "C:\Users\sntuser\AppData\Roaming\Python\Python39\site-packages\netmiko\base_connection.py", line 355, in _open
    self.establish_connection()
  File "C:\Users\sntuser\AppData\Roaming\Python\Python39\site-packages\netmiko\base_connection.py", line 957, in establish_connection
    raise NetmikoTimeoutException(msg)
netmiko.ssh_exception.NetmikoTimeoutException: TCP connection to device failed.

Common causes of this problem are:
1. Incorrect hostname or IP address.
2. Wrong TCP port.
3. Intermediate firewall blocking access.

Device settings: cisco_ios 10.99.99.14:22



2022-06-16 20:32:15,183 -  nornir.core -     INFO -        run() - Running task 'netmiko_send_command' with args {'command_string': 'sh ip int brief'} on 5 hosts
2022-06-16 20:32:20,206 - nornir.core.task -    ERROR -      start() - Host 'r4': task 'netmiko_send_command' failed with traceback:
Traceback (most recent call last):
  File "C:\Users\sntuser\AppData\Roaming\Python\Python39\site-packages\netmiko\base_connection.py", line 935, in establish_connection
    self.remote_conn_pre.connect(**ssh_connect_params)
  File "C:\Python39\lib\site-packages\paramiko\client.py", line 349, in connect
    retry_on_signal(lambda: sock.connect(addr))
  File "C:\Python39\lib\site-packages\paramiko\util.py", line 279, in retry_on_signal
    return function()
  File "C:\Python39\lib\site-packages\paramiko\client.py", line 349, in <lambda>
    retry_on_signal(lambda: sock.connect(addr))
socket.timeout: timed out

During handling of the above exception, another exception occurred:

Traceback (most recent call last):
  File "C:\Python39\lib\site-packages\nornir\core\task.py", line 99, in start
    r = self.task(self, **self.params)
  File "C:\Python39\lib\site-packages\nornir_netmiko\tasks\netmiko_send_command.py", line 26, in netmiko_send_command
    net_connect = task.host.get_connection(CONNECTION_NAME, task.nornir.config)
  File "C:\Python39\lib\site-packages\nornir\core\inventory.py", line 494, in get_connection
    self.open_connection(
  File "C:\Python39\lib\site-packages\nornir\core\inventory.py", line 546, in open_connection
    conn_obj.open(
  File "C:\Python39\lib\site-packages\nornir_netmiko\connections\netmiko.py", line 59, in open
    connection = ConnectHandler(**parameters)
  File "C:\Users\sntuser\AppData\Roaming\Python\Python39\site-packages\netmiko\ssh_dispatcher.py", line 326, in ConnectHandler
    return ConnectionClass(*args, **kwargs)
  File "C:\Users\sntuser\AppData\Roaming\Python\Python39\site-packages\netmiko\cisco\cisco_ios.py", line 17, in __init__
    return super().__init__(*args, **kwargs)
  File "C:\Users\sntuser\AppData\Roaming\Python\Python39\site-packages\netmiko\base_connection.py", line 350, in __init__
    self._open()
  File "C:\Users\sntuser\AppData\Roaming\Python\Python39\site-packages\netmiko\base_connection.py", line 355, in _open
    self.establish_connection()
  File "C:\Users\sntuser\AppData\Roaming\Python\Python39\site-packages\netmiko\base_connection.py", line 957, in establish_connection
    raise NetmikoTimeoutException(msg)
netmiko.ssh_exception.NetmikoTimeoutException: TCP connection to device failed.

Common causes of this problem are:
1. Incorrect hostname or IP address.
2. Wrong TCP port.
3. Intermediate firewall blocking access.

Device settings: cisco_ios 10.99.99.14:22



2022-06-16 20:34:28,445 -  nornir.core -     INFO -        run() - Running task 'netmiko_send_command' with args {'command_string': 'sh ip int brief'} on 5 hosts
2022-06-16 20:34:33,475 - nornir.core.task -    ERROR -      start() - Host 'r4': task 'netmiko_send_command' failed with traceback:
Traceback (most recent call last):
  File "C:\Users\sntuser\AppData\Roaming\Python\Python39\site-packages\netmiko\base_connection.py", line 935, in establish_connection
    self.remote_conn_pre.connect(**ssh_connect_params)
  File "C:\Python39\lib\site-packages\paramiko\client.py", line 349, in connect
    retry_on_signal(lambda: sock.connect(addr))
  File "C:\Python39\lib\site-packages\paramiko\util.py", line 279, in retry_on_signal
    return function()
  File "C:\Python39\lib\site-packages\paramiko\client.py", line 349, in <lambda>
    retry_on_signal(lambda: sock.connect(addr))
socket.timeout: timed out

During handling of the above exception, another exception occurred:

Traceback (most recent call last):
  File "C:\Python39\lib\site-packages\nornir\core\task.py", line 99, in start
    r = self.task(self, **self.params)
  File "C:\Python39\lib\site-packages\nornir_netmiko\tasks\netmiko_send_command.py", line 26, in netmiko_send_command
    net_connect = task.host.get_connection(CONNECTION_NAME, task.nornir.config)
  File "C:\Python39\lib\site-packages\nornir\core\inventory.py", line 494, in get_connection
    self.open_connection(
  File "C:\Python39\lib\site-packages\nornir\core\inventory.py", line 546, in open_connection
    conn_obj.open(
  File "C:\Python39\lib\site-packages\nornir_netmiko\connections\netmiko.py", line 59, in open
    connection = ConnectHandler(**parameters)
  File "C:\Users\sntuser\AppData\Roaming\Python\Python39\site-packages\netmiko\ssh_dispatcher.py", line 326, in ConnectHandler
    return ConnectionClass(*args, **kwargs)
  File "C:\Users\sntuser\AppData\Roaming\Python\Python39\site-packages\netmiko\cisco\cisco_ios.py", line 17, in __init__
    return super().__init__(*args, **kwargs)
  File "C:\Users\sntuser\AppData\Roaming\Python\Python39\site-packages\netmiko\base_connection.py", line 350, in __init__
    self._open()
  File "C:\Users\sntuser\AppData\Roaming\Python\Python39\site-packages\netmiko\base_connection.py", line 355, in _open
    self.establish_connection()
  File "C:\Users\sntuser\AppData\Roaming\Python\Python39\site-packages\netmiko\base_connection.py", line 957, in establish_connection
    raise NetmikoTimeoutException(msg)
netmiko.ssh_exception.NetmikoTimeoutException: TCP connection to device failed.

Common causes of this problem are:
1. Incorrect hostname or IP address.
2. Wrong TCP port.
3. Intermediate firewall blocking access.

Device settings: cisco_ios 10.99.99.14:22



2022-06-16 20:46:42,270 -  nornir.core -     INFO -        run() - Running task 'netmiko_send_command' with args {'command_string': 'sh ip int brief'} on 5 hosts
2022-06-16 20:47:05,017 -  nornir.core -     INFO -        run() - Running task 'netmiko_send_command' with args {'command_string': 'sh ver'} on 1 hosts
2022-06-16 20:47:20,913 -  nornir.core -     INFO -        run() - Running task 'netmiko_send_config' with args {'config_commands': ['interface gi0/0', 'description Interface description set by nornir']} on 1 hosts
2022-06-16 20:48:44,414 -  nornir.core -     INFO -        run() - Running task 'napalm_get' with args {'getters': ['interfaces']} on 1 hosts
2022-06-16 20:49:07,599 -  nornir.core -     INFO -        run() - Running task 'napalm_cli' with args {'commands': ['sh ver', 'sh ip int brief']} on 1 hosts
2022-06-16 21:20:59,097 -  nornir.core -     INFO -        run() - Running task 'cdp_map' with args {} on 1 hosts
2022-06-16 21:21:00,341 - nornir.core.task -    ERROR -      start() - Host 'r4': task 'netmiko_send_command' failed with traceback:
Traceback (most recent call last):
  File "C:\Python39\lib\site-packages\nornir\core\task.py", line 99, in start
    r = self.task(self, **self.params)
  File "C:\Python39\lib\site-packages\nornir_netmiko\tasks\netmiko_send_command.py", line 32, in netmiko_send_command
    result = net_connect.send_command(command_string, **kwargs)
  File "C:\Users\sntuser\AppData\Roaming\Python\Python39\site-packages\netmiko\utilities.py", line 500, in wrapper_decorator
    return func(self, *args, **kwargs)
  File "C:\Users\sntuser\AppData\Roaming\Python\Python39\site-packages\netmiko\base_connection.py", line 1565, in send_command
    structured_output = get_structured_data_genie(
  File "C:\Users\sntuser\AppData\Roaming\Python\Python39\site-packages\netmiko\utilities.py", line 454, in get_structured_data_genie
    raise ValueError(msg)
ValueError: 
Genie and PyATS are not installed. Please PIP install both Genie and PyATS:
pip install genie
pip install pyats


2022-06-16 21:21:00,342 - nornir.core.task -    ERROR -      start() - Host 'r4': task 'cdp_map' failed with traceback:
Traceback (most recent call last):
  File "C:\Python39\lib\site-packages\nornir\core\task.py", line 99, in start
    r = self.task(self, **self.params)
  File "c:\Users\sntuser\Documents\p4ne-class\18 Nornir\nornir1\cdp_write.py", line 13, in cdp_map
    r = task.run(task=netmiko_send_command, command_string = "show cdp neighbor", use_genie=True)
  File "C:\Python39\lib\site-packages\nornir\core\task.py", line 174, in run
    raise NornirSubTaskError(task=run_task, result=r)
nornir.core.exceptions.NornirSubTaskError: Subtask: netmiko_send_command (failed)


2022-06-16 21:22:31,367 -  nornir.core -     INFO -        run() - Running task 'cdp_map' with args {} on 1 hosts
2022-06-16 21:22:32,785 - nornir.core.task -    ERROR -      start() - Host 'r4': task 'cdp_map' failed with traceback:
Traceback (most recent call last):
  File "C:\Python39\lib\site-packages\nornir\core\task.py", line 99, in start
    r = self.task(self, **self.params)
  File "c:\Users\sntuser\Documents\p4ne-class\18 Nornir\nornir1\cdp_write.py", line 17, in cdp_map
    indexer = outer['cdp']['index']
TypeError: string indices must be integers

2022-06-16 21:24:35,649 -  nornir.core -     INFO -        run() - Running task 'cdp_map' with args {} on 1 hosts
2022-06-16 21:24:36,840 - nornir.core.task -    ERROR -      start() - Host 'r4': task 'netmiko_send_command' failed with traceback:
Traceback (most recent call last):
  File "C:\Python39\lib\site-packages\nornir\core\task.py", line 99, in start
    r = self.task(self, **self.params)
  File "C:\Python39\lib\site-packages\nornir_netmiko\tasks\netmiko_send_command.py", line 32, in netmiko_send_command
    result = net_connect.send_command(command_string, **kwargs)
  File "C:\Users\sntuser\AppData\Roaming\Python\Python39\site-packages\netmiko\utilities.py", line 500, in wrapper_decorator
    return func(self, *args, **kwargs)
  File "C:\Users\sntuser\AppData\Roaming\Python\Python39\site-packages\netmiko\base_connection.py", line 1565, in send_command
    structured_output = get_structured_data_genie(
  File "C:\Users\sntuser\AppData\Roaming\Python\Python39\site-packages\netmiko\utilities.py", line 454, in get_structured_data_genie
    raise ValueError(msg)
ValueError: 
Genie and PyATS are not installed. Please PIP install both Genie and PyATS:
pip install genie
pip install pyats


2022-06-16 21:24:36,841 - nornir.core.task -    ERROR -      start() - Host 'r4': task 'cdp_map' failed with traceback:
Traceback (most recent call last):
  File "C:\Python39\lib\site-packages\nornir\core\task.py", line 99, in start
    r = self.task(self, **self.params)
  File "c:\Users\sntuser\Documents\p4ne-class\18 Nornir\nornir1\cdp_write.py", line 13, in cdp_map
    r = task.run(task=netmiko_send_command, command_string = "show cdp neighbor", use_genie=True)
  File "C:\Python39\lib\site-packages\nornir\core\task.py", line 174, in run
    raise NornirSubTaskError(task=run_task, result=r)
nornir.core.exceptions.NornirSubTaskError: Subtask: netmiko_send_command (failed)


2022-06-16 21:26:39,114 -  nornir.core -     INFO -        run() - Running task 'cdp_map' with args {} on 1 hosts
2022-06-16 21:26:40,283 - nornir.core.task -    ERROR -      start() - Host 'r4': task 'cdp_map' failed with traceback:
Traceback (most recent call last):
  File "C:\Python39\lib\site-packages\nornir\core\task.py", line 99, in start
    r = self.task(self, **self.params)
  File "c:\Users\sntuser\Documents\p4ne-class\18 Nornir\nornir1\cdp_write.py", line 17, in cdp_map
    indexer = outer['cdp']['index']
TypeError: string indices must be integers

2022-06-16 21:27:37,119 -  nornir.core -     INFO -        run() - Running task 'cdp_map' with args {} on 1 hosts
2022-06-16 21:27:38,311 - nornir.core.task -    ERROR -      start() - Host 'r4': task 'cdp_map' failed with traceback:
Traceback (most recent call last):
  File "C:\Python39\lib\site-packages\nornir\core\task.py", line 99, in start
    r = self.task(self, **self.params)
  File "c:\Users\sntuser\Documents\p4ne-class\18 Nornir\nornir1\cdp_write.py", line 18, in cdp_map
    indexer = outer['cdp']['index']
TypeError: string indices must be integers

2022-06-17 07:38:25,167 -  nornir.core -     INFO -        run() - Running task 'inventory_usernames' with args {} on 5 hosts
2022-06-17 07:38:46,065 -  nornir.core -     INFO -        run() - Running task 'inventory_usernames' with args {} on 5 hosts
2022-06-17 07:43:00,928 -  nornir.core -     INFO -        run() - Running task 'inventory_usernames' with args {} on 5 hosts
2022-06-17 12:58:42,626 -  nornir.core -     INFO -        run() - Running task 'napalm_cli' with args {'commands': ['sh ver', 'sh ip int brief']} on 1 hosts
2022-08-25 23:42:24,688 -  nornir.core -     INFO -        run() - Running task 'inventory_usernames' with args {} on 5 hosts
2022-08-26 10:39:27,131 -  nornir.core -     INFO -        run() - Running task 'napalm_cli' with args {'commands': ['sh ver', 'sh ip int brief']} on 1 hosts
2022-08-26 10:39:31,163 - nornir.core.task -    ERROR -      start() - Host 'devxe1': task 'napalm_cli' failed with traceback:
Traceback (most recent call last):
  File "C:\Python39\lib\site-packages\paramiko\transport.py", line 2271, in _check_banner
    buf = self.packetizer.readline(timeout)
  File "C:\Python39\lib\site-packages\paramiko\packet.py", line 380, in readline
    buf += self._read_timeout(timeout)
  File "C:\Python39\lib\site-packages\paramiko\packet.py", line 607, in _read_timeout
    x = self.__socket.recv(128)
ConnectionResetError: [WinError 10054] An existing connection was forcibly closed by the remote host

During handling of the above exception, another exception occurred:

Traceback (most recent call last):
  File "C:\Python39\lib\site-packages\nornir\core\task.py", line 99, in start
    r = self.task(self, **self.params)
  File "C:\Python39\lib\site-packages\nornir_napalm\plugins\tasks\napalm_cli.py", line 19, in napalm_cli
    device = task.host.get_connection(CONNECTION_NAME, task.nornir.config)
  File "C:\Python39\lib\site-packages\nornir\core\inventory.py", line 494, in get_connection
    self.open_connection(
  File "C:\Python39\lib\site-packages\nornir\core\inventory.py", line 546, in open_connection
    conn_obj.open(
  File "C:\Python39\lib\site-packages\nornir_napalm\plugins\connections\__init__.py", line 57, in open
    connection.open()
  File "C:\Users\sntuser\AppData\Roaming\Python\Python39\site-packages\napalm\ios\ios.py", line 169, in open
    self.device = self._netmiko_open(
  File "C:\Users\sntuser\AppData\Roaming\Python\Python39\site-packages\napalm\base\base.py", line 86, in _netmiko_open
    self._netmiko_device = ConnectHandler(
  File "C:\Users\sntuser\AppData\Roaming\Python\Python39\site-packages\netmiko\ssh_dispatcher.py", line 326, in ConnectHandler
    return ConnectionClass(*args, **kwargs)
  File "C:\Users\sntuser\AppData\Roaming\Python\Python39\site-packages\netmiko\cisco\cisco_ios.py", line 17, in __init__
    return super().__init__(*args, **kwargs)
  File "C:\Users\sntuser\AppData\Roaming\Python\Python39\site-packages\netmiko\base_connection.py", line 350, in __init__
    self._open()
  File "C:\Users\sntuser\AppData\Roaming\Python\Python39\site-packages\netmiko\base_connection.py", line 355, in _open
    self.establish_connection()
  File "C:\Users\sntuser\AppData\Roaming\Python\Python39\site-packages\netmiko\base_connection.py", line 935, in establish_connection
    self.remote_conn_pre.connect(**ssh_connect_params)
  File "C:\Python39\lib\site-packages\paramiko\client.py", line 406, in connect
    t.start_client(timeout=timeout)
  File "C:\Python39\lib\site-packages\paramiko\transport.py", line 699, in start_client
    raise e
  File "C:\Python39\lib\site-packages\paramiko\transport.py", line 2094, in run
    self._check_banner()
  File "C:\Python39\lib\site-packages\paramiko\transport.py", line 2275, in _check_banner
    raise SSHException(
paramiko.ssh_exception.SSHException: Error reading SSH protocol banner[WinError 10054] An existing connection was forcibly closed by the remote host

2022-08-26 10:42:26,252 -  nornir.core -     INFO -        run() - Running task 'napalm_get' with args {'getters': ['interfaces']} on 3 hosts
2022-08-26 14:47:41,761 -  nornir.core -     INFO -        run() - Running task 'inventory_usernames' with args {} on 5 hosts
2022-11-25 08:40:58,816 -  nornir.core -     INFO -        run() - Running task 'inventory_usernames' with args {} on 5 hosts
2022-11-25 14:27:11,201 -  nornir.core -     INFO -        run() - Running task 'inventory_usernames' with args {} on 5 hosts
2022-11-25 15:22:25,463 -  nornir.core -     INFO -        run() - Running task 'napalm_cli' with args {'commands': ['sh ver', 'sh ip int brief']} on 1 hosts
2022-12-06 10:23:58,995 -  nornir.core -     INFO -        run() - Running task 'napalm_cli' with args {'commands': ['sh ver', 'sh ip int brief']} on 1 hosts
2022-12-06 10:24:29,288 -  nornir.core -     INFO -        run() - Running task 'netmiko_send_command' with args {'command_string': 'sh ip int brief'} on 5 hosts
2022-12-06 10:24:39,531 - nornir.core.task -    ERROR -      start() - Host 'r4': task 'netmiko_send_command' failed with traceback:
Traceback (most recent call last):
  File "C:\Users\sntuser\AppData\Roaming\Python\Python39\site-packages\netmiko\base_connection.py", line 1046, in establish_connection
    self.remote_conn_pre.connect(**ssh_connect_params)
  File "C:\Python39\lib\site-packages\paramiko\client.py", line 349, in connect
    retry_on_signal(lambda: sock.connect(addr))
  File "C:\Python39\lib\site-packages\paramiko\util.py", line 279, in retry_on_signal
    return function()
  File "C:\Python39\lib\site-packages\paramiko\client.py", line 349, in <lambda>
    retry_on_signal(lambda: sock.connect(addr))
socket.timeout: timed out

During handling of the above exception, another exception occurred:

Traceback (most recent call last):
  File "C:\Python39\lib\site-packages\nornir\core\task.py", line 99, in start
    r = self.task(self, **self.params)
  File "C:\Python39\lib\site-packages\nornir_netmiko\tasks\netmiko_send_command.py", line 26, in netmiko_send_command
    net_connect = task.host.get_connection(CONNECTION_NAME, task.nornir.config)
  File "C:\Python39\lib\site-packages\nornir\core\inventory.py", line 494, in get_connection
    self.open_connection(
  File "C:\Python39\lib\site-packages\nornir\core\inventory.py", line 546, in open_connection
    conn_obj.open(
  File "C:\Python39\lib\site-packages\nornir_netmiko\connections\netmiko.py", line 59, in open
    connection = ConnectHandler(**parameters)
  File "C:\Users\sntuser\AppData\Roaming\Python\Python39\site-packages\netmiko\ssh_dispatcher.py", line 365, in ConnectHandler
    return ConnectionClass(*args, **kwargs)
  File "C:\Users\sntuser\AppData\Roaming\Python\Python39\site-packages\netmiko\base_connection.py", line 439, in __init__
    self._open()
  File "C:\Users\sntuser\AppData\Roaming\Python\Python39\site-packages\netmiko\base_connection.py", line 444, in _open
    self.establish_connection()
  File "C:\Users\sntuser\AppData\Roaming\Python\Python39\site-packages\netmiko\base_connection.py", line 1068, in establish_connection
    raise NetmikoTimeoutException(msg)
netmiko.exceptions.NetmikoTimeoutException: TCP connection to device failed.

Common causes of this problem are:
1. Incorrect hostname or IP address.
2. Wrong TCP port.
3. Intermediate firewall blocking access.

Device settings: cisco_ios 10.99.99.14:22



2022-12-08 08:52:03,427 -  nornir.core -     INFO -        run() - Running task 'netmiko_send_command' with args {'command_string': 'sh ver'} on 1 hosts
2022-12-08 08:52:13,529 - nornir.core.task -    ERROR -      start() - Host 'r4': task 'netmiko_send_command' failed with traceback:
Traceback (most recent call last):
  File "C:\Users\sntuser\AppData\Roaming\Python\Python39\site-packages\netmiko\base_connection.py", line 1046, in establish_connection
    self.remote_conn_pre.connect(**ssh_connect_params)
  File "C:\Python39\lib\site-packages\paramiko\client.py", line 349, in connect
    retry_on_signal(lambda: sock.connect(addr))
  File "C:\Python39\lib\site-packages\paramiko\util.py", line 279, in retry_on_signal
    return function()
  File "C:\Python39\lib\site-packages\paramiko\client.py", line 349, in <lambda>
    retry_on_signal(lambda: sock.connect(addr))
socket.timeout: timed out

During handling of the above exception, another exception occurred:

Traceback (most recent call last):
  File "C:\Python39\lib\site-packages\nornir\core\task.py", line 99, in start
    r = self.task(self, **self.params)
  File "C:\Python39\lib\site-packages\nornir_netmiko\tasks\netmiko_send_command.py", line 26, in netmiko_send_command
    net_connect = task.host.get_connection(CONNECTION_NAME, task.nornir.config)
  File "C:\Python39\lib\site-packages\nornir\core\inventory.py", line 494, in get_connection
    self.open_connection(
  File "C:\Python39\lib\site-packages\nornir\core\inventory.py", line 546, in open_connection
    conn_obj.open(
  File "C:\Python39\lib\site-packages\nornir_netmiko\connections\netmiko.py", line 59, in open
    connection = ConnectHandler(**parameters)
  File "C:\Users\sntuser\AppData\Roaming\Python\Python39\site-packages\netmiko\ssh_dispatcher.py", line 365, in ConnectHandler
    return ConnectionClass(*args, **kwargs)
  File "C:\Users\sntuser\AppData\Roaming\Python\Python39\site-packages\netmiko\base_connection.py", line 439, in __init__
    self._open()
  File "C:\Users\sntuser\AppData\Roaming\Python\Python39\site-packages\netmiko\base_connection.py", line 444, in _open
    self.establish_connection()
  File "C:\Users\sntuser\AppData\Roaming\Python\Python39\site-packages\netmiko\base_connection.py", line 1068, in establish_connection
    raise NetmikoTimeoutException(msg)
netmiko.exceptions.NetmikoTimeoutException: TCP connection to device failed.

Common causes of this problem are:
1. Incorrect hostname or IP address.
2. Wrong TCP port.
3. Intermediate firewall blocking access.

Device settings: cisco_ios 10.99.99.14:22



2022-12-08 08:52:59,777 -  nornir.core -     INFO -        run() - Running task 'netmiko_send_command' with args {'command_string': 'sh ip int brief'} on 5 hosts
2022-12-08 08:53:09,800 - nornir.core.task -    ERROR -      start() - Host 'r4': task 'netmiko_send_command' failed with traceback:
Traceback (most recent call last):
  File "C:\Users\sntuser\AppData\Roaming\Python\Python39\site-packages\netmiko\base_connection.py", line 1046, in establish_connection
    self.remote_conn_pre.connect(**ssh_connect_params)
  File "C:\Python39\lib\site-packages\paramiko\client.py", line 349, in connect
    retry_on_signal(lambda: sock.connect(addr))
  File "C:\Python39\lib\site-packages\paramiko\util.py", line 279, in retry_on_signal
    return function()
  File "C:\Python39\lib\site-packages\paramiko\client.py", line 349, in <lambda>
    retry_on_signal(lambda: sock.connect(addr))
socket.timeout: timed out

During handling of the above exception, another exception occurred:

Traceback (most recent call last):
  File "C:\Python39\lib\site-packages\nornir\core\task.py", line 99, in start
    r = self.task(self, **self.params)
  File "C:\Python39\lib\site-packages\nornir_netmiko\tasks\netmiko_send_command.py", line 26, in netmiko_send_command
    net_connect = task.host.get_connection(CONNECTION_NAME, task.nornir.config)
  File "C:\Python39\lib\site-packages\nornir\core\inventory.py", line 494, in get_connection
    self.open_connection(
  File "C:\Python39\lib\site-packages\nornir\core\inventory.py", line 546, in open_connection
    conn_obj.open(
  File "C:\Python39\lib\site-packages\nornir_netmiko\connections\netmiko.py", line 59, in open
    connection = ConnectHandler(**parameters)
  File "C:\Users\sntuser\AppData\Roaming\Python\Python39\site-packages\netmiko\ssh_dispatcher.py", line 365, in ConnectHandler
    return ConnectionClass(*args, **kwargs)
  File "C:\Users\sntuser\AppData\Roaming\Python\Python39\site-packages\netmiko\base_connection.py", line 439, in __init__
    self._open()
  File "C:\Users\sntuser\AppData\Roaming\Python\Python39\site-packages\netmiko\base_connection.py", line 444, in _open
    self.establish_connection()
  File "C:\Users\sntuser\AppData\Roaming\Python\Python39\site-packages\netmiko\base_connection.py", line 1068, in establish_connection
    raise NetmikoTimeoutException(msg)
netmiko.exceptions.NetmikoTimeoutException: TCP connection to device failed.

Common causes of this problem are:
1. Incorrect hostname or IP address.
2. Wrong TCP port.
3. Intermediate firewall blocking access.

Device settings: cisco_ios 10.99.99.14:22



2022-12-08 08:54:34,475 -  nornir.core -     INFO -        run() - Running task 'netmiko_send_command' with args {'command_string': 'sh ver'} on 3 hosts
2022-12-08 08:55:15,360 -  nornir.core -     INFO -        run() - Running task 'napalm_get' with args {'getters': ['interfaces']} on 3 hosts
2022-12-08 11:45:44,780 -  nornir.core -     INFO -        run() - Running task 'netmiko_send_command' with args {'command_string': 'sh ver'} on 3 hosts
2022-12-08 11:47:21,012 -  nornir.core -     INFO -        run() - Running task 'netmiko_send_command' with args {'command_string': 'sh ip int brief'} on 3 hosts
2022-12-08 11:48:23,734 -  nornir.core -     INFO -        run() - Running task 'napalm_get' with args {'getters': ['interfaces']} on 3 hosts
2023-03-23 19:15:16,646 -  nornir.core -     INFO -        run() - Running task 'netmiko_send_command' with args {'command_string': 'sh ip int brief'} on 6 hosts
2023-03-23 19:15:20,286 - nornir.core.task -    ERROR -      start() - Host 'devxe1': task 'netmiko_send_command' failed with traceback:
Traceback (most recent call last):
  File "C:\Users\sntuser\AppData\Roaming\Python\Python39\site-packages\netmiko\base_connection.py", line 1046, in establish_connection
    self.remote_conn_pre.connect(**ssh_connect_params)
  File "C:\Python39\lib\site-packages\paramiko\client.py", line 435, in connect
    self._auth(
  File "C:\Python39\lib\site-packages\paramiko\client.py", line 766, in _auth
    raise saved_exception
  File "C:\Python39\lib\site-packages\paramiko\client.py", line 753, in _auth
    self._transport.auth_password(username, password)
  File "C:\Python39\lib\site-packages\paramiko\transport.py", line 1564, in auth_password
    return self.auth_handler.wait_for_response(my_event)
  File "C:\Python39\lib\site-packages\paramiko\auth_handler.py", line 259, in wait_for_response
    raise e
paramiko.ssh_exception.AuthenticationException: Authentication failed.

During handling of the above exception, another exception occurred:

Traceback (most recent call last):
  File "C:\Python39\lib\site-packages\nornir\core\task.py", line 99, in start
    r = self.task(self, **self.params)
  File "C:\Python39\lib\site-packages\nornir_netmiko\tasks\netmiko_send_command.py", line 26, in netmiko_send_command
    net_connect = task.host.get_connection(CONNECTION_NAME, task.nornir.config)
  File "C:\Python39\lib\site-packages\nornir\core\inventory.py", line 494, in get_connection
    self.open_connection(
  File "C:\Python39\lib\site-packages\nornir\core\inventory.py", line 546, in open_connection
    conn_obj.open(
  File "C:\Python39\lib\site-packages\nornir_netmiko\connections\netmiko.py", line 59, in open
    connection = ConnectHandler(**parameters)
  File "C:\Users\sntuser\AppData\Roaming\Python\Python39\site-packages\netmiko\ssh_dispatcher.py", line 365, in ConnectHandler
    return ConnectionClass(*args, **kwargs)
  File "C:\Users\sntuser\AppData\Roaming\Python\Python39\site-packages\netmiko\base_connection.py", line 439, in __init__
    self._open()
  File "C:\Users\sntuser\AppData\Roaming\Python\Python39\site-packages\netmiko\base_connection.py", line 444, in _open
    self.establish_connection()
  File "C:\Users\sntuser\AppData\Roaming\Python\Python39\site-packages\netmiko\base_connection.py", line 1083, in establish_connection
    raise NetmikoAuthenticationException(msg)
netmiko.exceptions.NetmikoAuthenticationException: Authentication to device failed.

Common causes of this problem are:
1. Invalid username and password
2. Incorrect SSH-key file
3. Connecting to the wrong device

Device settings: cisco_ios sandbox-iosxe-recomm-1.cisco.com:22


Authentication failed.

2023-03-23 19:15:26,802 - nornir.core.task -    ERROR -      start() - Host 'j1': task 'netmiko_send_command' failed with traceback:
Traceback (most recent call last):
  File "C:\Users\sntuser\AppData\Roaming\Python\Python39\site-packages\netmiko\base_connection.py", line 1046, in establish_connection
    self.remote_conn_pre.connect(**ssh_connect_params)
  File "C:\Python39\lib\site-packages\paramiko\client.py", line 349, in connect
    retry_on_signal(lambda: sock.connect(addr))
  File "C:\Python39\lib\site-packages\paramiko\util.py", line 279, in retry_on_signal
    return function()
  File "C:\Python39\lib\site-packages\paramiko\client.py", line 349, in <lambda>
    retry_on_signal(lambda: sock.connect(addr))
socket.timeout: timed out

During handling of the above exception, another exception occurred:

Traceback (most recent call last):
  File "C:\Python39\lib\site-packages\nornir\core\task.py", line 99, in start
    r = self.task(self, **self.params)
  File "C:\Python39\lib\site-packages\nornir_netmiko\tasks\netmiko_send_command.py", line 26, in netmiko_send_command
    net_connect = task.host.get_connection(CONNECTION_NAME, task.nornir.config)
  File "C:\Python39\lib\site-packages\nornir\core\inventory.py", line 494, in get_connection
    self.open_connection(
  File "C:\Python39\lib\site-packages\nornir\core\inventory.py", line 546, in open_connection
    conn_obj.open(
  File "C:\Python39\lib\site-packages\nornir_netmiko\connections\netmiko.py", line 59, in open
    connection = ConnectHandler(**parameters)
  File "C:\Users\sntuser\AppData\Roaming\Python\Python39\site-packages\netmiko\ssh_dispatcher.py", line 365, in ConnectHandler
    return ConnectionClass(*args, **kwargs)
  File "C:\Users\sntuser\AppData\Roaming\Python\Python39\site-packages\netmiko\base_connection.py", line 439, in __init__
    self._open()
  File "C:\Users\sntuser\AppData\Roaming\Python\Python39\site-packages\netmiko\base_connection.py", line 444, in _open
    self.establish_connection()
  File "C:\Users\sntuser\AppData\Roaming\Python\Python39\site-packages\netmiko\base_connection.py", line 1068, in establish_connection
    raise NetmikoTimeoutException(msg)
netmiko.exceptions.NetmikoTimeoutException: TCP connection to device failed.

Common causes of this problem are:
1. Incorrect hostname or IP address.
2. Wrong TCP port.
3. Intermediate firewall blocking access.

Device settings: juniper_junos 10.5.5.4:22



2023-03-23 19:16:00,954 -  nornir.core -     INFO -        run() - Running task 'netmiko_send_command' with args {'command_string': 'sh ip int brief'} on 3 hosts
2023-03-23 19:16:24,668 -  nornir.core -     INFO -        run() - Running task 'napalm_get' with args {'getters': ['interfaces']} on 3 hosts
2023-03-23 19:16:39,481 -  nornir.core -     INFO -        run() - Running task 'napalm_cli' with args {'commands': ['sh ver', 'sh ip int brief']} on 1 hosts
2023-03-23 19:16:42,771 - nornir.core.task -    ERROR -      start() - Host 'devxe1': task 'napalm_cli' failed with traceback:
Traceback (most recent call last):
  File "C:\Users\sntuser\AppData\Roaming\Python\Python39\site-packages\netmiko\base_connection.py", line 1046, in establish_connection
    self.remote_conn_pre.connect(**ssh_connect_params)
  File "C:\Python39\lib\site-packages\paramiko\client.py", line 435, in connect
    self._auth(
  File "C:\Python39\lib\site-packages\paramiko\client.py", line 766, in _auth
    raise saved_exception
  File "C:\Python39\lib\site-packages\paramiko\client.py", line 753, in _auth
    self._transport.auth_password(username, password)
  File "C:\Python39\lib\site-packages\paramiko\transport.py", line 1564, in auth_password
    return self.auth_handler.wait_for_response(my_event)
  File "C:\Python39\lib\site-packages\paramiko\auth_handler.py", line 259, in wait_for_response
    raise e
paramiko.ssh_exception.AuthenticationException: Authentication failed.

During handling of the above exception, another exception occurred:

Traceback (most recent call last):
  File "C:\Python39\lib\site-packages\nornir\core\task.py", line 99, in start
    r = self.task(self, **self.params)
  File "C:\Python39\lib\site-packages\nornir_napalm\plugins\tasks\napalm_cli.py", line 19, in napalm_cli
    device = task.host.get_connection(CONNECTION_NAME, task.nornir.config)
  File "C:\Python39\lib\site-packages\nornir\core\inventory.py", line 494, in get_connection
    self.open_connection(
  File "C:\Python39\lib\site-packages\nornir\core\inventory.py", line 546, in open_connection
    conn_obj.open(
  File "C:\Python39\lib\site-packages\nornir_napalm\plugins\connections\__init__.py", line 57, in open
    connection.open()
  File "C:\Users\sntuser\AppData\Roaming\Python\Python39\site-packages\napalm\ios\ios.py", line 170, in open
    self.device = self._netmiko_open(
  File "C:\Users\sntuser\AppData\Roaming\Python\Python39\site-packages\napalm\base\base.py", line 113, in _netmiko_open
    self._netmiko_device = ConnectHandler(
  File "C:\Users\sntuser\AppData\Roaming\Python\Python39\site-packages\netmiko\ssh_dispatcher.py", line 365, in ConnectHandler
    return ConnectionClass(*args, **kwargs)
  File "C:\Users\sntuser\AppData\Roaming\Python\Python39\site-packages\netmiko\base_connection.py", line 439, in __init__
    self._open()
  File "C:\Users\sntuser\AppData\Roaming\Python\Python39\site-packages\netmiko\base_connection.py", line 444, in _open
    self.establish_connection()
  File "C:\Users\sntuser\AppData\Roaming\Python\Python39\site-packages\netmiko\base_connection.py", line 1083, in establish_connection
    raise NetmikoAuthenticationException(msg)
netmiko.exceptions.NetmikoAuthenticationException: Authentication to device failed.

Common causes of this problem are:
1. Invalid username and password
2. Incorrect SSH-key file
3. Connecting to the wrong device

Device settings: cisco_ios sandbox-iosxe-recomm-1.cisco.com:22


Authentication failed.

2023-03-23 19:17:19,391 -  nornir.core -     INFO -        run() - Running task 'netmiko_send_command' with args {'command_string': 'sh ip int brief'} on 6 hosts
2023-03-23 19:17:22,891 - nornir.core.task -    ERROR -      start() - Host 'devxe1': task 'netmiko_send_command' failed with traceback:
Traceback (most recent call last):
  File "C:\Users\sntuser\AppData\Roaming\Python\Python39\site-packages\netmiko\base_connection.py", line 1046, in establish_connection
    self.remote_conn_pre.connect(**ssh_connect_params)
  File "C:\Python39\lib\site-packages\paramiko\client.py", line 435, in connect
    self._auth(
  File "C:\Python39\lib\site-packages\paramiko\client.py", line 766, in _auth
    raise saved_exception
  File "C:\Python39\lib\site-packages\paramiko\client.py", line 753, in _auth
    self._transport.auth_password(username, password)
  File "C:\Python39\lib\site-packages\paramiko\transport.py", line 1564, in auth_password
    return self.auth_handler.wait_for_response(my_event)
  File "C:\Python39\lib\site-packages\paramiko\auth_handler.py", line 259, in wait_for_response
    raise e
paramiko.ssh_exception.AuthenticationException: Authentication failed.

During handling of the above exception, another exception occurred:

Traceback (most recent call last):
  File "C:\Python39\lib\site-packages\nornir\core\task.py", line 99, in start
    r = self.task(self, **self.params)
  File "C:\Python39\lib\site-packages\nornir_netmiko\tasks\netmiko_send_command.py", line 26, in netmiko_send_command
    net_connect = task.host.get_connection(CONNECTION_NAME, task.nornir.config)
  File "C:\Python39\lib\site-packages\nornir\core\inventory.py", line 494, in get_connection
    self.open_connection(
  File "C:\Python39\lib\site-packages\nornir\core\inventory.py", line 546, in open_connection
    conn_obj.open(
  File "C:\Python39\lib\site-packages\nornir_netmiko\connections\netmiko.py", line 59, in open
    connection = ConnectHandler(**parameters)
  File "C:\Users\sntuser\AppData\Roaming\Python\Python39\site-packages\netmiko\ssh_dispatcher.py", line 365, in ConnectHandler
    return ConnectionClass(*args, **kwargs)
  File "C:\Users\sntuser\AppData\Roaming\Python\Python39\site-packages\netmiko\base_connection.py", line 439, in __init__
    self._open()
  File "C:\Users\sntuser\AppData\Roaming\Python\Python39\site-packages\netmiko\base_connection.py", line 444, in _open
    self.establish_connection()
  File "C:\Users\sntuser\AppData\Roaming\Python\Python39\site-packages\netmiko\base_connection.py", line 1083, in establish_connection
    raise NetmikoAuthenticationException(msg)
netmiko.exceptions.NetmikoAuthenticationException: Authentication to device failed.

Common causes of this problem are:
1. Invalid username and password
2. Incorrect SSH-key file
3. Connecting to the wrong device

Device settings: cisco_ios sandbox-iosxe-recomm-1.cisco.com:22


Authentication failed.

2023-03-23 19:17:29,411 - nornir.core.task -    ERROR -      start() - Host 'j1': task 'netmiko_send_command' failed with traceback:
Traceback (most recent call last):
  File "C:\Users\sntuser\AppData\Roaming\Python\Python39\site-packages\netmiko\base_connection.py", line 1046, in establish_connection
    self.remote_conn_pre.connect(**ssh_connect_params)
  File "C:\Python39\lib\site-packages\paramiko\client.py", line 349, in connect
    retry_on_signal(lambda: sock.connect(addr))
  File "C:\Python39\lib\site-packages\paramiko\util.py", line 279, in retry_on_signal
    return function()
  File "C:\Python39\lib\site-packages\paramiko\client.py", line 349, in <lambda>
    retry_on_signal(lambda: sock.connect(addr))
socket.timeout: timed out

During handling of the above exception, another exception occurred:

Traceback (most recent call last):
  File "C:\Python39\lib\site-packages\nornir\core\task.py", line 99, in start
    r = self.task(self, **self.params)
  File "C:\Python39\lib\site-packages\nornir_netmiko\tasks\netmiko_send_command.py", line 26, in netmiko_send_command
    net_connect = task.host.get_connection(CONNECTION_NAME, task.nornir.config)
  File "C:\Python39\lib\site-packages\nornir\core\inventory.py", line 494, in get_connection
    self.open_connection(
  File "C:\Python39\lib\site-packages\nornir\core\inventory.py", line 546, in open_connection
    conn_obj.open(
  File "C:\Python39\lib\site-packages\nornir_netmiko\connections\netmiko.py", line 59, in open
    connection = ConnectHandler(**parameters)
  File "C:\Users\sntuser\AppData\Roaming\Python\Python39\site-packages\netmiko\ssh_dispatcher.py", line 365, in ConnectHandler
    return ConnectionClass(*args, **kwargs)
  File "C:\Users\sntuser\AppData\Roaming\Python\Python39\site-packages\netmiko\base_connection.py", line 439, in __init__
    self._open()
  File "C:\Users\sntuser\AppData\Roaming\Python\Python39\site-packages\netmiko\base_connection.py", line 444, in _open
    self.establish_connection()
  File "C:\Users\sntuser\AppData\Roaming\Python\Python39\site-packages\netmiko\base_connection.py", line 1068, in establish_connection
    raise NetmikoTimeoutException(msg)
netmiko.exceptions.NetmikoTimeoutException: TCP connection to device failed.

Common causes of this problem are:
1. Incorrect hostname or IP address.
2. Wrong TCP port.
3. Intermediate firewall blocking access.

Device settings: juniper_junos 10.5.5.4:22



